TN:
SF:js/src/alert.js
FN:32,(anonymous_0)
FN:37,(anonymous_1)
FN:47,(anonymous_2)
FN:51,(anonymous_3)
FN:58,(anonymous_4)
FN:59,(anonymous_5)
FNF:6
FNH:6
FNDA:51,(anonymous_0)
FNDA:6,(anonymous_1)
FNDA:5,(anonymous_2)
FNDA:5,(anonymous_3)
FNDA:5,(anonymous_4)
FNDA:5,(anonymous_5)
DA:17,1
DA:18,1
DA:19,1
DA:21,1
DA:22,1
DA:23,1
DA:24,1
DA:33,51
DA:38,6
DA:40,6
DA:41,1
DA:44,5
DA:46,5
DA:47,5
DA:52,5
DA:53,5
DA:54,5
DA:59,5
DA:60,5
DA:62,5
DA:63,1
DA:66,4
DA:67,2
DA:70,2
DA:79,1
DA:85,1
LF:26
LH:26
BRDA:40,0,0,1
BRDA:40,0,1,5
BRDA:62,1,0,1
BRDA:62,1,1,4
BRDA:66,2,0,2
BRDA:66,2,1,2
BRDA:66,3,0,4
BRDA:66,3,1,3
BRDA:66,3,2,2
BRF:9
BRH:9
end_of_record
TN:
SF:js/src/base-component.js
FN:24,(anonymous_0)
FN:39,(anonymous_1)
FN:48,(anonymous_2)
FN:52,(anonymous_3)
FN:60,(anonymous_4)
FN:64,(anonymous_5)
FN:68,(anonymous_6)
FN:72,(anonymous_7)
FN:76,(anonymous_8)
FNF:9
FNH:9
FNDA:521,(anonymous_0)
FNDA:23,(anonymous_1)
FNDA:424,(anonymous_2)
FNDA:419,(anonymous_3)
FNDA:465,(anonymous_4)
FNDA:263,(anonymous_5)
FNDA:13,(anonymous_6)
FNDA:1065,(anonymous_7)
FNDA:48,(anonymous_8)
DA:17,14
DA:25,521
DA:27,521
DA:28,521
DA:29,2
DA:32,519
DA:33,519
DA:35,517
DA:40,23
DA:41,23
DA:43,23
DA:44,116
DA:49,424
DA:53,419
DA:54,419
DA:55,419
DA:56,419
DA:61,465
DA:65,263
DA:69,13
DA:73,1065
DA:77,48
LF:22
LH:22
BRDA:28,0,0,2
BRDA:28,0,1,519
BRDA:48,1,0,4
BRDA:64,2,0,148
BRDA:65,3,0,263
BRDA:65,3,1,140
BRDA:65,4,0,129
BRDA:65,4,1,11
BRF:8
BRH:8
end_of_record
TN:
SF:js/src/button.js
FN:31,(anonymous_0)
FN:36,(anonymous_1)
FN:42,(anonymous_2)
FN:43,(anonymous_3)
FN:57,(anonymous_4)
FNF:5
FNH:5
FNDA:34,(anonymous_0)
FNDA:5,(anonymous_1)
FNDA:3,(anonymous_2)
FNDA:3,(anonymous_3)
FNDA:3,(anonymous_4)
DA:16,1
DA:17,1
DA:18,1
DA:19,1
DA:21,1
DA:22,1
DA:23,1
DA:32,34
DA:38,5
DA:43,3
DA:44,3
DA:46,3
DA:47,2
DA:57,1
DA:58,3
DA:60,3
DA:61,3
DA:63,3
DA:70,1
LF:19
LH:19
BRDA:46,0,0,2
BRDA:46,0,1,1
BRF:2
BRH:2
end_of_record
TN:
SF:js/src/carousel.js
FN:95,(anonymous_0)
FN:111,(anonymous_1)
FN:115,(anonymous_2)
FN:119,(anonymous_3)
FN:124,(anonymous_4)
FN:128,(anonymous_5)
FN:137,(anonymous_6)
FN:141,(anonymous_7)
FN:154,(anonymous_8)
FN:163,(anonymous_9)
FN:167,(anonymous_10)
FN:176,(anonymous_11)
FN:193,(anonymous_12)
FN:202,(anonymous_13)
FN:207,(anonymous_14)
FN:209,(anonymous_15)
FN:213,(anonymous_16)
FN:214,(anonymous_17)
FN:222,(anonymous_18)
FN:224,(anonymous_19)
FN:227,(anonymous_20)
FN:245,(anonymous_21)
FN:249,(anonymous_22)
FN:250,(anonymous_23)
FN:257,(anonymous_24)
FN:269,(anonymous_25)
FN:277,(anonymous_26)
FN:282,(anonymous_27)
FN:294,(anonymous_28)
FN:312,(anonymous_29)
FN:324,(anonymous_30)
FN:366,(anonymous_31)
FN:383,(anonymous_32)
FN:408,(anonymous_33)
FN:412,(anonymous_34)
FN:419,(anonymous_35)
FN:431,(anonymous_36)
FN:444,(anonymous_37)
FN:471,(anonymous_38)
FN:472,(anonymous_39)
FN:477,(anonymous_40)
FN:510,(anonymous_41)
FNF:42
FNH:40
FNDA:59,(anonymous_0)
FNDA:60,(anonymous_1)
FNDA:59,(anonymous_2)
FNDA:92,(anonymous_3)
FNDA:11,(anonymous_4)
FNDA:1,(anonymous_5)
FNDA:4,(anonymous_6)
FNDA:12,(anonymous_7)
FNDA:12,(anonymous_8)
FNDA:0,(anonymous_9)
FNDA:7,(anonymous_10)
FNDA:1,(anonymous_11)
FNDA:1,(anonymous_12)
FNDA:59,(anonymous_13)
FNDA:60,(anonymous_14)
FNDA:7,(anonymous_15)
FNDA:1,(anonymous_16)
FNDA:1,(anonymous_17)
FNDA:7,(anonymous_18)
FNDA:0,(anonymous_19)
FNDA:8,(anonymous_20)
FNDA:6,(anonymous_21)
FNDA:2,(anonymous_22)
FNDA:3,(anonymous_23)
FNDA:7,(anonymous_24)
FNDA:120,(anonymous_25)
FNDA:28,(anonymous_26)
FNDA:25,(anonymous_27)
FNDA:20,(anonymous_28)
FNDA:5,(anonymous_29)
FNDA:31,(anonymous_30)
FNDA:20,(anonymous_31)
FNDA:16,(anonymous_32)
FNDA:67,(anonymous_33)
FNDA:21,(anonymous_34)
FNDA:39,(anonymous_35)
FNDA:35,(anonymous_36)
FNDA:10,(anonymous_37)
FNDA:4,(anonymous_38)
FNDA:4,(anonymous_39)
FNDA:7,(anonymous_40)
FNDA:4,(anonymous_41)
DA:27,1
DA:28,1
DA:29,1
DA:30,1
DA:32,1
DA:33,1
DA:34,1
DA:36,1
DA:37,1
DA:38,1
DA:39,1
DA:41,1
DA:42,1
DA:43,1
DA:44,1
DA:45,1
DA:46,1
DA:47,1
DA:48,1
DA:50,1
DA:51,1
DA:52,1
DA:53,1
DA:54,1
DA:55,1
DA:56,1
DA:58,1
DA:59,1
DA:60,1
DA:61,1
DA:62,1
DA:63,1
DA:64,1
DA:65,1
DA:67,1
DA:72,1
DA:81,1
DA:96,59
DA:98,59
DA:99,59
DA:100,59
DA:101,59
DA:102,59
DA:103,59
DA:104,59
DA:106,59
DA:107,59
DA:112,60
DA:116,59
DA:120,92
DA:125,11
DA:132,1
DA:133,0
DA:138,4
DA:142,12
DA:143,11
DA:146,12
DA:147,1
DA:148,1
DA:151,12
DA:155,12
DA:156,11
DA:159,12
DA:160,12
DA:161,5
DA:163,5
DA:168,7
DA:169,7
DA:171,7
DA:172,2
DA:175,5
DA:176,1
DA:177,1
DA:180,4
DA:181,1
DA:182,1
DA:183,1
DA:186,3
DA:190,3
DA:194,1
DA:195,1
DA:198,1
DA:203,59
DA:204,59
DA:208,60
DA:209,60
DA:212,60
DA:213,60
DA:214,60
DA:217,60
DA:218,8
DA:223,7
DA:224,10
DA:227,7
DA:228,8
DA:229,0
DA:240,8
DA:241,8
DA:242,2
DA:245,8
DA:248,7
DA:249,2
DA:250,3
DA:254,7
DA:258,7
DA:259,2
DA:262,5
DA:263,5
DA:264,4
DA:265,4
DA:270,120
DA:274,120
DA:278,28
DA:279,28
DA:283,25
DA:284,25
DA:286,25
DA:295,20
DA:296,19
DA:299,1
DA:301,1
DA:302,1
DA:304,1
DA:306,1
DA:307,1
DA:308,1
DA:313,5
DA:315,5
DA:316,1
DA:319,4
DA:321,4
DA:325,31
DA:326,31
DA:327,31
DA:328,31
DA:330,31
DA:331,31
DA:333,31
DA:334,31
DA:335,31
DA:336,31
DA:338,31
DA:339,1
DA:340,1
DA:343,30
DA:344,5
DA:347,25
DA:348,25
DA:349,1
DA:352,24
DA:354,4
DA:357,20
DA:359,20
DA:360,0
DA:363,20
DA:364,20
DA:366,20
DA:367,20
DA:375,20
DA:376,16
DA:378,16
DA:380,16
DA:381,16
DA:383,16
DA:384,16
DA:385,16
DA:387,16
DA:389,16
DA:391,16
DA:394,16
DA:396,4
DA:397,4
DA:399,4
DA:400,4
DA:403,20
DA:404,0
DA:409,67
DA:413,21
DA:414,2
DA:415,2
DA:420,39
DA:421,22
DA:424,17
DA:425,4
DA:428,13
DA:432,35
DA:433,0
DA:436,35
DA:437,4
DA:440,31
DA:445,10
DA:447,10
DA:448,10
DA:449,6
DA:455,10
DA:457,10
DA:458,1
DA:459,9
DA:460,5
DA:461,1
DA:464,4
DA:465,4
DA:466,1
DA:467,1
DA:472,4
DA:473,4
DA:478,7
DA:480,7
DA:481,2
DA:484,5
DA:488,5
DA:490,5
DA:491,1
DA:494,5
DA:496,5
DA:497,1
DA:500,5
DA:508,1
DA:510,1
DA:511,4
DA:513,4
DA:514,1
DA:522,1
LF:223
LH:218
BRDA:132,0,0,0
BRDA:132,0,1,1
BRDA:132,1,0,1
BRDA:132,1,1,1
BRDA:142,2,0,11
BRDA:142,2,1,1
BRDA:146,3,0,1
BRDA:146,3,1,11
BRDA:155,4,0,11
BRDA:155,4,1,1
BRDA:160,5,0,5
BRDA:160,5,1,7
BRDA:160,6,0,12
BRDA:160,6,1,6
BRDA:171,7,0,2
BRDA:171,7,1,5
BRDA:171,8,0,7
BRDA:171,8,1,6
BRDA:175,9,0,1
BRDA:175,9,1,4
BRDA:180,10,0,1
BRDA:180,10,1,3
BRDA:186,11,0,2
BRDA:186,11,1,1
BRDA:194,12,0,1
BRDA:194,12,1,0
BRDA:208,13,0,60
BRDA:208,13,1,0
BRDA:212,14,0,60
BRDA:212,14,1,0
BRDA:217,15,0,8
BRDA:217,15,1,52
BRDA:217,16,0,60
BRDA:217,16,1,59
BRDA:228,17,0,0
BRDA:228,17,1,8
BRDA:241,18,0,2
BRDA:241,18,1,6
BRDA:258,19,0,2
BRDA:258,19,1,5
BRDA:263,20,0,4
BRDA:263,20,1,1
BRDA:270,21,0,92
BRDA:270,21,1,28
BRDA:270,22,0,120
BRDA:270,22,1,92
BRDA:295,23,0,19
BRDA:295,23,1,1
BRDA:306,24,0,1
BRDA:306,24,1,0
BRDA:313,25,0,5
BRDA:313,25,1,4
BRDA:315,26,0,1
BRDA:315,26,1,4
BRDA:321,27,0,4
BRDA:321,27,1,2
BRDA:328,28,0,31
BRDA:328,28,1,28
BRDA:334,29,0,19
BRDA:334,29,1,12
BRDA:335,30,0,19
BRDA:335,30,1,12
BRDA:338,31,0,1
BRDA:338,31,1,30
BRDA:338,32,0,31
BRDA:338,32,1,22
BRDA:343,33,0,5
BRDA:343,33,1,25
BRDA:348,34,0,1
BRDA:348,34,1,24
BRDA:352,35,0,4
BRDA:352,35,1,20
BRDA:352,36,0,24
BRDA:352,36,1,20
BRDA:359,37,0,0
BRDA:359,37,1,20
BRDA:375,38,0,16
BRDA:375,38,1,4
BRDA:403,39,0,0
BRDA:403,39,1,20
BRDA:413,40,0,2
BRDA:413,40,1,19
BRDA:420,41,0,22
BRDA:420,41,1,17
BRDA:424,42,0,4
BRDA:424,42,1,13
BRDA:425,43,0,2
BRDA:425,43,1,2
BRDA:428,44,0,6
BRDA:428,44,1,7
BRDA:432,45,0,0
BRDA:432,45,1,35
BRDA:436,46,0,4
BRDA:436,46,1,31
BRDA:437,47,0,2
BRDA:437,47,1,2
BRDA:440,48,0,12
BRDA:440,48,1,19
BRDA:448,49,0,6
BRDA:448,49,1,4
BRDA:455,50,0,1
BRDA:455,50,1,9
BRDA:457,51,0,1
BRDA:457,51,1,9
BRDA:459,52,0,5
BRDA:459,52,1,4
BRDA:460,53,0,1
BRDA:460,53,1,4
BRDA:465,54,0,1
BRDA:465,54,1,3
BRDA:465,55,0,4
BRDA:465,55,1,3
BRDA:480,56,0,2
BRDA:480,56,1,5
BRDA:480,57,0,7
BRDA:480,57,1,6
BRDA:490,58,0,1
BRDA:490,58,1,4
BRDA:496,59,0,1
BRDA:496,59,1,4
BRF:120
BRH:111
end_of_record
TN:
SF:js/src/collapse.js
FN:62,(anonymous_0)
FN:73,(anonymous_1)
FN:92,(anonymous_2)
FN:96,(anonymous_3)
FN:100,(anonymous_4)
FN:105,(anonymous_5)
FN:113,(anonymous_6)
FN:123,(anonymous_7)
FN:124,(anonymous_8)
FN:150,(anonymous_9)
FN:168,(anonymous_10)
FN:197,(anonymous_11)
FN:209,(anonymous_12)
FN:214,(anonymous_13)
FN:220,(anonymous_14)
FN:224,(anonymous_15)
FN:240,(anonymous_16)
FN:243,(anonymous_17)
FN:246,(anonymous_18)
FN:258,(anonymous_19)
FN:264,(anonymous_20)
FN:282,(anonymous_21)
FNF:22
FNH:22
FNDA:53,(anonymous_0)
FNDA:65,(anonymous_1)
FNDA:54,(anonymous_2)
FNDA:53,(anonymous_3)
FNDA:115,(anonymous_4)
FNDA:44,(anonymous_5)
FNDA:134,(anonymous_6)
FNDA:11,(anonymous_7)
FNDA:11,(anonymous_8)
FNDA:128,(anonymous_9)
FNDA:111,(anonymous_10)
FNDA:108,(anonymous_11)
FNDA:369,(anonymous_12)
FNDA:53,(anonymous_13)
FNDA:237,(anonymous_14)
FNDA:53,(anonymous_15)
FNDA:130,(anonymous_16)
FNDA:50,(anonymous_17)
FNDA:212,(anonymous_18)
FNDA:3,(anonymous_19)
FNDA:3,(anonymous_20)
FNDA:23,(anonymous_21)
DA:23,1
DA:24,1
DA:25,1
DA:26,1
DA:28,1
DA:29,1
DA:30,1
DA:31,1
DA:32,1
DA:34,1
DA:35,1
DA:36,1
DA:37,1
DA:38,1
DA:39,1
DA:41,1
DA:42,1
DA:44,1
DA:45,1
DA:46,1
DA:47,1
DA:52,1
DA:63,53
DA:65,53
DA:66,53
DA:68,53
DA:70,53
DA:71,58
DA:72,58
DA:73,65
DA:75,58
DA:76,29
DA:80,53
DA:82,53
DA:83,33
DA:86,53
DA:87,13
DA:93,54
DA:97,53
DA:101,115
DA:106,44
DA:107,7
DA:109,37
DA:114,134
DA:115,4
DA:118,130
DA:121,130
DA:122,110
DA:123,11
DA:124,11
DA:127,130
DA:128,0
DA:131,130
DA:132,130
DA:133,1
DA:136,129
DA:137,11
DA:140,129
DA:142,129
DA:143,129
DA:145,129
DA:147,129
DA:148,129
DA:150,129
DA:151,128
DA:153,128
DA:154,128
DA:156,128
DA:158,128
DA:161,129
DA:162,129
DA:164,129
DA:165,129
DA:169,111
DA:170,2
DA:173,109
DA:174,109
DA:175,1
DA:178,108
DA:180,108
DA:182,108
DA:184,108
DA:185,108
DA:187,108
DA:188,109
DA:190,109
DA:191,19
DA:195,108
DA:197,108
DA:198,108
DA:199,108
DA:200,108
DA:201,108
DA:204,108
DA:206,108
DA:210,369
DA:215,53
DA:216,53
DA:217,53
DA:221,237
DA:225,53
DA:226,33
DA:229,20
DA:231,20
DA:232,38
DA:234,38
DA:235,31
DA:241,130
DA:243,130
DA:247,212
DA:248,39
DA:251,173
DA:252,180
DA:253,180
DA:259,3
DA:260,3
DA:261,0
DA:264,3
DA:265,3
DA:267,3
DA:268,1
DA:269,1
DA:272,0
DA:282,1
DA:284,23
DA:285,17
DA:288,23
DA:289,23
DA:291,23
DA:292,28
DA:300,1
LF:131
LH:128
BRDA:75,0,0,29
BRDA:75,0,1,29
BRDA:75,1,0,58
BRDA:75,1,1,51
BRDA:82,2,0,33
BRDA:82,2,1,20
BRDA:86,3,0,13
BRDA:86,3,1,40
BRDA:106,4,0,7
BRDA:106,4,1,37
BRDA:114,5,0,4
BRDA:114,5,1,130
BRDA:114,6,0,134
BRDA:114,6,1,131
BRDA:121,7,0,110
BRDA:121,7,1,20
BRDA:127,8,0,0
BRDA:127,8,1,130
BRDA:127,9,0,130
BRDA:127,9,1,10
BRDA:132,10,0,1
BRDA:132,10,1,129
BRDA:169,11,0,2
BRDA:169,11,1,109
BRDA:169,12,0,111
BRDA:169,12,1,110
BRDA:174,13,0,1
BRDA:174,13,1,108
BRDA:190,14,0,19
BRDA:190,14,1,90
BRDA:190,15,0,109
BRDA:190,15,1,20
BRDA:209,16,0,318
BRDA:221,17,0,1
BRDA:221,17,1,236
BRDA:225,18,0,33
BRDA:225,18,1,20
BRDA:234,19,0,31
BRDA:234,19,1,7
BRDA:247,20,0,39
BRDA:247,20,1,173
BRDA:260,21,0,0
BRDA:260,21,1,3
BRDA:260,22,0,3
BRDA:260,22,1,1
BRDA:267,23,0,1
BRDA:267,23,1,2
BRDA:268,24,0,1
BRDA:268,24,1,0
BRDA:284,25,0,17
BRDA:284,25,1,6
BRDA:284,26,0,23
BRDA:284,26,1,7
BRDA:284,26,2,7
BRF:54
BRH:51
end_of_record
TN:
SF:js/src/dropdown.js
FN:88,(anonymous_0)
FN:98,(anonymous_1)
FN:102,(anonymous_2)
FN:106,(anonymous_3)
FN:111,(anonymous_4)
FN:115,(anonymous_5)
FN:150,(anonymous_6)
FN:162,(anonymous_7)
FN:170,(anonymous_8)
FN:178,(anonymous_9)
FN:203,(anonymous_10)
FN:216,(anonymous_11)
FN:235,(anonymous_12)
FN:239,(anonymous_13)
FN:260,(anonymous_14)
FN:264,(anonymous_15)
FN:268,(anonymous_16)
FN:272,(anonymous_17)
FN:278,(anonymous_18)
FN:310,(anonymous_19)
FN:311,(anonymous_20)
FN:323,(anonymous_21)
FN:324,(anonymous_22)
FN:339,(anonymous_23)
FN:381,(anonymous_24)
FN:441,(anonymous_25)
FNF:26
FNH:26
FNDA:81,(anonymous_0)
FNDA:82,(anonymous_1)
FNDA:82,(anonymous_2)
FNDA:191,(anonymous_3)
FNDA:43,(anonymous_4)
FNDA:64,(anonymous_5)
FNDA:15,(anonymous_6)
FNDA:2,(anonymous_7)
FNDA:2,(anonymous_8)
FNDA:23,(anonymous_9)
FNDA:81,(anonymous_10)
FNDA:50,(anonymous_11)
FNDA:160,(anonymous_12)
FNDA:52,(anonymous_13)
FNDA:79,(anonymous_14)
FNDA:54,(anonymous_15)
FNDA:2,(anonymous_16)
FNDA:45,(anonymous_17)
FNDA:52,(anonymous_18)
FNDA:10,(anonymous_19)
FNDA:18,(anonymous_20)
FNDA:3,(anonymous_21)
FNDA:3,(anonymous_22)
FNDA:130,(anonymous_23)
FNDA:23,(anonymous_24)
FNDA:24,(anonymous_25)
DA:28,1
DA:29,1
DA:30,1
DA:31,1
DA:33,1
DA:34,1
DA:35,1
DA:36,1
DA:37,1
DA:39,1
DA:40,1
DA:41,1
DA:42,1
DA:43,1
DA:44,1
DA:45,1
DA:47,1
DA:48,1
DA:49,1
DA:50,1
DA:52,1
DA:53,1
DA:54,1
DA:55,1
DA:56,1
DA:58,1
DA:59,1
DA:60,1
DA:61,1
DA:62,1
DA:63,1
DA:65,1
DA:74,1
DA:89,81
DA:91,79
DA:92,79
DA:93,79
DA:94,79
DA:99,82
DA:103,82
DA:107,191
DA:112,43
DA:116,64
DA:117,12
DA:120,52
DA:124,52
DA:126,52
DA:127,2
DA:130,50
DA:136,50
DA:137,50
DA:138,1750
DA:142,50
DA:143,50
DA:145,50
DA:146,50
DA:147,50
DA:151,15
DA:152,3
DA:155,12
DA:159,12
DA:163,2
DA:164,1
DA:167,2
DA:171,2
DA:172,2
DA:173,1
DA:179,23
DA:180,23
DA:181,1
DA:186,22
DA:187,22
DA:188,770
DA:192,22
DA:193,20
DA:196,22
DA:197,22
DA:198,22
DA:199,22
DA:200,22
DA:204,81
DA:206,81
DA:210,2
DA:213,79
DA:217,50
DA:218,0
DA:221,50
DA:223,50
DA:224,1
DA:225,49
DA:226,3
DA:227,46
DA:228,0
DA:231,50
DA:232,50
DA:236,160
DA:240,52
DA:242,52
DA:243,1
DA:246,51
DA:247,1
DA:251,50
DA:253,50
DA:254,2
DA:257,48
DA:261,79
DA:265,54
DA:267,54
DA:268,2
DA:271,53
DA:272,45
DA:275,51
DA:279,52
DA:296,52
DA:297,4
DA:298,4
DA:304,52
DA:311,18
DA:313,10
DA:314,0
DA:319,10
DA:324,3
DA:325,3
DA:327,3
DA:328,2
DA:331,1
DA:332,1
DA:335,0
DA:340,130
DA:341,1
DA:344,129
DA:346,129
DA:347,51
DA:348,51
DA:349,7
DA:352,44
DA:353,14
DA:356,30
DA:357,30
DA:358,30
DA:363,17
DA:367,13
DA:368,2
DA:371,11
DA:373,11
DA:374,8
DA:377,11
DA:388,23
DA:389,23
DA:390,23
DA:391,23
DA:393,23
DA:394,0
DA:397,23
DA:399,8
DA:400,8
DA:404,15
DA:406,15
DA:407,2
DA:410,13
DA:411,13
DA:413,13
DA:414,0
DA:417,13
DA:418,13
DA:420,13
DA:421,3
DA:422,3
DA:423,3
DA:426,10
DA:427,10
DA:428,10
DA:437,1
DA:438,1
DA:439,1
DA:440,1
DA:441,1
DA:442,24
DA:443,24
DA:450,1
LF:180
LH:174
BRDA:58,0,0,0
BRDA:58,0,1,1
BRDA:59,1,0,0
BRDA:59,1,1,1
BRDA:60,2,0,0
BRDA:60,2,1,1
BRDA:61,3,0,0
BRDA:61,3,1,1
BRDA:62,4,0,0
BRDA:62,4,1,1
BRDA:63,5,0,0
BRDA:63,5,1,1
BRDA:112,6,0,2
BRDA:112,6,1,41
BRDA:116,7,0,12
BRDA:116,7,1,52
BRDA:116,8,0,64
BRDA:116,8,1,60
BRDA:126,9,0,2
BRDA:126,9,1,50
BRDA:136,10,0,50
BRDA:136,10,1,0
BRDA:136,11,0,50
BRDA:136,11,1,50
BRDA:151,12,0,3
BRDA:151,12,1,12
BRDA:151,13,0,15
BRDA:151,13,1,13
BRDA:163,14,0,1
BRDA:163,14,1,1
BRDA:172,15,0,1
BRDA:172,15,1,1
BRDA:180,16,0,1
BRDA:180,16,1,22
BRDA:186,17,0,22
BRDA:186,17,1,0
BRDA:192,18,0,20
BRDA:192,18,1,2
BRDA:206,19,0,2
BRDA:206,19,1,79
BRDA:206,20,0,81
BRDA:206,20,1,5
BRDA:206,20,2,2
BRDA:217,21,0,0
BRDA:217,21,1,50
BRDA:223,22,0,1
BRDA:223,22,1,49
BRDA:225,23,0,3
BRDA:225,23,1,46
BRDA:227,24,0,0
BRDA:227,24,1,46
BRDA:242,25,0,1
BRDA:242,25,1,51
BRDA:246,26,0,1
BRDA:246,26,1,50
BRDA:253,27,0,2
BRDA:253,27,1,48
BRDA:254,28,0,0
BRDA:254,28,1,2
BRDA:257,29,0,0
BRDA:257,29,1,48
BRDA:267,30,0,1
BRDA:267,30,1,53
BRDA:271,31,0,2
BRDA:271,31,1,51
BRDA:296,32,0,4
BRDA:296,32,1,48
BRDA:296,33,0,52
BRDA:296,33,1,50
BRDA:306,34,0,1
BRDA:306,34,1,51
BRDA:313,35,0,0
BRDA:313,35,1,10
BRDA:327,36,0,2
BRDA:327,36,1,1
BRDA:331,37,0,1
BRDA:331,37,1,0
BRDA:340,38,0,1
BRDA:340,38,1,129
BRDA:340,39,0,130
BRDA:340,39,1,130
BRDA:340,39,2,4
BRDA:348,40,0,7
BRDA:348,40,1,44
BRDA:348,41,0,51
BRDA:348,41,1,47
BRDA:352,42,0,14
BRDA:352,42,1,30
BRDA:358,43,0,17
BRDA:358,43,1,13
BRDA:359,44,0,30
BRDA:359,44,1,15
BRDA:359,44,2,2
BRDA:359,44,3,14
BRDA:359,44,4,2
BRDA:367,45,0,2
BRDA:367,45,1,11
BRDA:367,46,0,13
BRDA:367,46,1,4
BRDA:367,46,2,0
BRDA:367,46,3,4
BRDA:373,47,0,8
BRDA:373,47,1,3
BRDA:393,48,0,0
BRDA:393,48,1,23
BRDA:393,49,0,23
BRDA:393,49,1,14
BRDA:393,50,0,14
BRDA:393,50,1,4
BRDA:397,51,0,8
BRDA:397,51,1,15
BRDA:397,52,0,23
BRDA:397,52,1,9
BRDA:399,53,0,8
BRDA:399,53,1,0
BRDA:399,54,0,8
BRDA:399,54,1,6
BRDA:406,55,0,2
BRDA:406,55,1,13
BRDA:406,56,0,15
BRDA:406,56,1,5
BRDA:413,57,0,0
BRDA:413,57,1,13
BRDA:420,58,0,3
BRDA:420,58,1,10
BRDA:426,59,0,10
BRDA:426,59,1,0
BRF:127
BRH:108
end_of_record
TN:
SF:js/src/modal.js
FN:63,(anonymous_0)
FN:75,(anonymous_1)
FN:79,(anonymous_2)
FN:83,(anonymous_3)
FN:88,(anonymous_4)
FN:92,(anonymous_5)
FN:117,(anonymous_6)
FN:120,(anonymous_7)
FN:141,(anonymous_8)
FN:144,(anonymous_9)
FN:154,(anonymous_10)
FN:159,(anonymous_11)
FN:160,(anonymous_12)
FN:179,(anonymous_13)
FN:185,(anonymous_14)
FN:206,(anonymous_15)
FN:220,(anonymous_16)
FN:226,(anonymous_17)
FN:241,(anonymous_18)
FN:243,(anonymous_19)
FN:250,(anonymous_20)
FN:257,(anonymous_21)
FN:265,(anonymous_22)
FN:269,(anonymous_23)
FN:287,(anonymous_24)
FN:289,(anonymous_25)
FN:301,(anonymous_26)
FN:317,(anonymous_27)
FN:323,(anonymous_28)
FN:324,(anonymous_29)
FN:344,(anonymous_30)
FN:351,(anonymous_31)
FN:357,(anonymous_32)
FNF:33
FNH:33
FNDA:56,(anonymous_0)
FNDA:57,(anonymous_1)
FNDA:56,(anonymous_2)
FNDA:102,(anonymous_3)
FNDA:10,(anonymous_4)
FNDA:41,(anonymous_5)
FNDA:36,(anonymous_6)
FNDA:17,(anonymous_7)
FNDA:14,(anonymous_8)
FNDA:1,(anonymous_9)
FNDA:1,(anonymous_10)
FNDA:56,(anonymous_11)
FNDA:3,(anonymous_12)
FNDA:56,(anonymous_13)
FNDA:36,(anonymous_14)
FNDA:36,(anonymous_15)
FNDA:50,(anonymous_16)
FNDA:4,(anonymous_17)
FNDA:50,(anonymous_18)
FNDA:8,(anonymous_19)
FNDA:14,(anonymous_20)
FNDA:14,(anonymous_21)
FNDA:107,(anonymous_22)
FNDA:3,(anonymous_23)
FNDA:2,(anonymous_24)
FNDA:2,(anonymous_25)
FNDA:44,(anonymous_26)
FNDA:14,(anonymous_27)
FNDA:6,(anonymous_28)
FNDA:6,(anonymous_29)
FNDA:8,(anonymous_30)
FNDA:8,(anonymous_31)
FNDA:3,(anonymous_32)
DA:21,1
DA:22,1
DA:23,1
DA:24,1
DA:25,1
DA:27,1
DA:28,1
DA:29,1
DA:30,1
DA:31,1
DA:32,1
DA:33,1
DA:34,1
DA:36,1
DA:37,1
DA:38,1
DA:39,1
DA:41,1
DA:42,1
DA:43,1
DA:44,1
DA:46,1
DA:52,1
DA:64,56
DA:66,56
DA:67,56
DA:68,56
DA:69,56
DA:70,56
DA:71,56
DA:76,57
DA:80,56
DA:84,102
DA:89,10
DA:93,41
DA:94,2
DA:97,39
DA:101,39
DA:102,3
DA:105,36
DA:106,36
DA:108,36
DA:110,36
DA:112,36
DA:114,36
DA:115,36
DA:117,36
DA:121,17
DA:122,2
DA:125,15
DA:127,15
DA:128,1
DA:131,14
DA:132,14
DA:134,14
DA:135,14
DA:137,14
DA:139,14
DA:141,14
DA:145,1
DA:146,2
DA:149,1
DA:150,1
DA:151,1
DA:155,1
DA:160,56
DA:161,3
DA:162,2
DA:163,2
DA:166,1
DA:170,56
DA:172,56
DA:180,56
DA:187,36
DA:188,1
DA:191,36
DA:192,36
DA:193,36
DA:194,36
DA:195,36
DA:197,36
DA:198,36
DA:199,1
DA:202,36
DA:204,36
DA:206,36
DA:207,36
DA:208,35
DA:211,36
DA:212,36
DA:217,36
DA:221,50
DA:222,14
DA:223,14
DA:226,36
DA:227,4
DA:228,1
DA:231,3
DA:232,2
DA:233,2
DA:234,2
DA:237,1
DA:242,50
DA:243,36
DA:244,36
DA:247,14
DA:251,14
DA:252,14
DA:253,14
DA:254,14
DA:255,14
DA:257,14
DA:258,14
DA:259,14
DA:260,14
DA:261,14
DA:266,107
DA:270,3
DA:271,3
DA:272,0
DA:275,3
DA:276,3
DA:278,3
DA:279,1
DA:282,2
DA:283,2
DA:286,2
DA:287,2
DA:288,2
DA:289,2
DA:290,2
DA:294,2
DA:302,44
DA:303,44
DA:304,44
DA:306,44
DA:307,0
DA:308,0
DA:311,44
DA:312,0
DA:313,0
DA:318,14
DA:319,14
DA:324,6
DA:325,6
DA:327,6
DA:328,4
DA:331,2
DA:332,1
DA:335,1
DA:344,1
DA:345,8
DA:347,8
DA:348,4
DA:351,8
DA:352,8
DA:354,1
DA:357,7
DA:358,3
DA:359,2
DA:365,8
DA:366,8
DA:367,2
DA:370,8
DA:372,8
DA:375,1
DA:381,1
LF:167
LH:162
BRDA:89,0,0,1
BRDA:89,0,1,9
BRDA:93,1,0,2
BRDA:93,1,1,39
BRDA:93,2,0,41
BRDA:93,2,1,40
BRDA:101,3,0,3
BRDA:101,3,1,36
BRDA:121,4,0,2
BRDA:121,4,1,15
BRDA:121,5,0,17
BRDA:121,5,1,15
BRDA:127,6,0,1
BRDA:127,6,1,14
BRDA:161,7,0,2
BRDA:161,7,1,1
BRDA:175,8,0,54
BRDA:175,8,1,2
BRDA:187,9,0,1
BRDA:187,9,1,35
BRDA:198,10,0,1
BRDA:198,10,1,35
BRDA:207,11,0,35
BRDA:207,11,1,1
BRDA:221,12,0,14
BRDA:221,12,1,36
BRDA:227,13,0,1
BRDA:227,13,1,3
BRDA:231,14,0,2
BRDA:231,14,1,1
BRDA:242,15,0,36
BRDA:242,15,1,14
BRDA:271,16,0,0
BRDA:271,16,1,3
BRDA:278,17,0,1
BRDA:278,17,1,2
BRDA:278,18,0,3
BRDA:278,18,1,2
BRDA:282,19,0,2
BRDA:282,19,1,0
BRDA:306,20,0,0
BRDA:306,20,1,44
BRDA:306,21,0,44
BRDA:306,21,1,0
BRDA:307,22,0,0
BRDA:307,22,1,0
BRDA:311,23,0,0
BRDA:311,23,1,44
BRDA:311,24,0,44
BRDA:311,24,1,44
BRDA:312,25,0,0
BRDA:312,25,1,0
BRDA:327,26,0,4
BRDA:327,26,1,2
BRDA:331,27,0,1
BRDA:331,27,1,1
BRDA:347,28,0,4
BRDA:347,28,1,4
BRDA:352,29,0,1
BRDA:352,29,1,7
BRDA:358,30,0,2
BRDA:358,30,1,1
BRDA:366,31,0,2
BRDA:366,31,1,6
BRF:64
BRH:55
end_of_record
TN:
SF:js/src/offcanvas.js
FN:65,(anonymous_0)
FN:75,(anonymous_1)
FN:79,(anonymous_2)
FN:83,(anonymous_3)
FN:88,(anonymous_4)
FN:92,(anonymous_5)
FN:114,(anonymous_6)
FN:127,(anonymous_7)
FN:144,(anonymous_8)
FN:159,(anonymous_9)
FN:166,(anonymous_10)
FN:172,(anonymous_11)
FN:176,(anonymous_12)
FN:182,(anonymous_13)
FN:183,(anonymous_14)
FN:191,(anonymous_15)
FN:192,(anonymous_16)
FN:212,(anonymous_17)
FN:223,(anonymous_18)
FN:240,(anonymous_19)
FNF:20
FNH:20
FNDA:42,(anonymous_0)
FNDA:43,(anonymous_1)
FNDA:42,(anonymous_2)
FNDA:81,(anonymous_3)
FNDA:6,(anonymous_4)
FNDA:21,(anonymous_5)
FNDA:19,(anonymous_6)
FNDA:11,(anonymous_7)
FNDA:9,(anonymous_8)
FNDA:1,(anonymous_9)
FNDA:42,(anonymous_10)
FNDA:1,(anonymous_11)
FNDA:42,(anonymous_12)
FNDA:42,(anonymous_13)
FNDA:1,(anonymous_14)
FNDA:7,(anonymous_15)
FNDA:7,(anonymous_16)
FNDA:5,(anonymous_17)
FNDA:2,(anonymous_18)
FNDA:4,(anonymous_19)
DA:26,1
DA:27,1
DA:28,1
DA:29,1
DA:30,1
DA:31,1
DA:33,1
DA:34,1
DA:35,1
DA:36,1
DA:37,1
DA:39,1
DA:40,1
DA:41,1
DA:42,1
DA:43,1
DA:44,1
DA:46,1
DA:48,1
DA:54,1
DA:66,42
DA:68,42
DA:69,42
DA:70,42
DA:71,42
DA:76,43
DA:80,42
DA:84,81
DA:89,6
DA:93,21
DA:94,1
DA:97,20
DA:99,20
DA:100,1
DA:103,19
DA:104,19
DA:106,19
DA:107,17
DA:110,19
DA:111,19
DA:112,19
DA:114,19
DA:115,19
DA:116,17
DA:119,19
DA:120,19
DA:121,19
DA:124,19
DA:128,11
DA:129,1
DA:132,10
DA:134,10
DA:135,1
DA:138,9
DA:139,9
DA:140,9
DA:141,9
DA:142,9
DA:144,9
DA:145,9
DA:146,9
DA:147,9
DA:149,9
DA:150,8
DA:153,9
DA:156,9
DA:160,1
DA:161,1
DA:162,1
DA:167,42
DA:172,1
DA:177,42
DA:183,42
DA:184,1
DA:185,1
DA:192,7
DA:193,7
DA:195,7
DA:196,3
DA:199,4
DA:200,3
DA:203,1
DA:212,1
DA:213,5
DA:215,5
DA:216,1
DA:219,5
DA:220,1
DA:223,4
DA:225,2
DA:226,1
DA:231,4
DA:232,4
DA:233,1
DA:236,4
DA:237,4
DA:240,1
DA:241,4
DA:242,1
DA:246,1
DA:252,1
LF:101
LH:101
BRDA:89,0,0,1
BRDA:89,0,1,5
BRDA:93,1,0,1
BRDA:93,1,1,20
BRDA:99,2,0,1
BRDA:99,2,1,19
BRDA:106,3,0,17
BRDA:106,3,1,2
BRDA:115,4,0,17
BRDA:115,4,1,2
BRDA:128,5,0,1
BRDA:128,5,1,10
BRDA:134,6,0,1
BRDA:134,6,1,9
BRDA:149,7,0,8
BRDA:149,7,1,1
BRDA:184,8,0,1
BRDA:184,8,1,0
BRDA:184,9,0,1
BRDA:184,9,1,1
BRDA:195,10,0,3
BRDA:195,10,1,4
BRDA:199,11,0,3
BRDA:199,11,1,1
BRDA:199,12,0,4
BRDA:199,12,1,3
BRDA:199,12,2,2
BRDA:215,13,0,1
BRDA:215,13,1,4
BRDA:219,14,0,1
BRDA:219,14,1,4
BRDA:225,15,0,1
BRDA:225,15,1,1
BRDA:232,16,0,1
BRDA:232,16,1,3
BRDA:232,17,0,4
BRDA:232,17,1,1
BRF:37
BRH:36
end_of_record
TN:
SF:js/src/popover.js
FN:59,(anonymous_0)
FN:63,(anonymous_1)
FN:67,(anonymous_2)
FN:71,(anonymous_3)
FN:76,(anonymous_4)
FN:81,(anonymous_5)
FN:88,(anonymous_6)
FN:93,(anonymous_7)
FN:94,(anonymous_8)
FNF:9
FNH:9
FNDA:21,(anonymous_0)
FNDA:21,(anonymous_1)
FNDA:70,(anonymous_2)
FNDA:56,(anonymous_3)
FNDA:11,(anonymous_4)
FNDA:8,(anonymous_5)
FNDA:13,(anonymous_6)
FNDA:5,(anonymous_7)
FNDA:5,(anonymous_8)
DA:15,1
DA:16,1
DA:17,1
DA:19,1
DA:20,1
DA:22,1
DA:35,1
DA:40,1
DA:60,21
DA:64,21
DA:68,70
DA:72,56
DA:77,11
DA:82,8
DA:89,13
DA:94,5
DA:95,5
DA:97,5
DA:98,3
DA:101,2
DA:102,1
DA:105,1
DA:114,1
LF:23
LH:23
BRDA:77,0,0,11
BRDA:77,0,1,5
BRDA:97,1,0,3
BRDA:97,1,1,2
BRDA:101,2,0,1
BRDA:101,2,1,1
BRF:6
BRH:6
end_of_record
TN:
SF:js/src/scrollspy.js
FN:59,(anonymous_0)
FN:67,(anonymous_1)
FN:74,(anonymous_2)
FN:78,(anonymous_3)
FN:82,(anonymous_4)
FN:87,(anonymous_5)
FN:96,(anonymous_6)
FN:111,(anonymous_7)
FN:119,(anonymous_8)
FN:126,(anonymous_9)
FN:132,(anonymous_10)
FN:138,(anonymous_11)
FN:145,(anonymous_12)
FN:151,(anonymous_13)
FN:187,(anonymous_14)
FN:193,(anonymous_15)
FN:223,(anonymous_16)
FN:225,(anonymous_17)
FN:233,(anonymous_18)
FN:234,(anonymous_19)
FN:254,(anonymous_20)
FNF:21
FNH:21
FNDA:26,(anonymous_0)
FNDA:18,(anonymous_1)
FNDA:27,(anonymous_2)
FNDA:26,(anonymous_3)
FNDA:52,(anonymous_4)
FNDA:26,(anonymous_5)
FNDA:29,(anonymous_6)
FNDA:18,(anonymous_7)
FNDA:1,(anonymous_8)
FNDA:26,(anonymous_9)
FNDA:69,(anonymous_10)
FNDA:70,(anonymous_11)
FNDA:44,(anonymous_12)
FNDA:44,(anonymous_13)
FNDA:20,(anonymous_14)
FNDA:60,(anonymous_15)
FNDA:21,(anonymous_16)
FNDA:69,(anonymous_17)
FNDA:5,(anonymous_18)
FNDA:5,(anonymous_19)
FNDA:4,(anonymous_20)
DA:18,1
DA:19,1
DA:20,1
DA:21,1
DA:23,1
DA:24,1
DA:25,1
DA:27,1
DA:28,1
DA:30,1
DA:31,1
DA:32,1
DA:33,1
DA:34,1
DA:35,1
DA:36,1
DA:37,1
DA:39,1
DA:40,1
DA:42,1
DA:48,1
DA:60,26
DA:61,26
DA:62,26
DA:63,26
DA:64,26
DA:65,26
DA:67,26
DA:69,26
DA:70,26
DA:75,27
DA:79,26
DA:83,52
DA:88,26
DA:89,26
DA:90,26
DA:92,26
DA:93,26
DA:94,26
DA:95,26
DA:97,29
DA:98,29
DA:100,29
DA:101,1
DA:104,28
DA:106,28
DA:111,18
DA:113,26
DA:114,28
DA:115,28
DA:120,1
DA:121,1
DA:127,26
DA:129,26
DA:133,69
DA:139,70
DA:146,44
DA:152,44
DA:153,44
DA:154,44
DA:156,44
DA:157,0
DA:160,44
DA:161,1
DA:163,1
DA:164,1
DA:167,1
DA:170,43
DA:171,1
DA:172,1
DA:173,1
DA:176,42
DA:177,72
DA:181,72
DA:182,19
DA:188,20
DA:190,20
DA:192,20
DA:193,60
DA:195,20
DA:197,20
DA:198,20
DA:199,0
DA:202,20
DA:205,14
DA:206,0
DA:210,14
DA:211,0
DA:212,0
DA:218,20
DA:224,21
DA:225,69
DA:227,21
DA:228,15
DA:234,5
DA:235,5
DA:237,5
DA:238,3
DA:241,2
DA:242,1
DA:245,1
DA:254,1
DA:255,4
DA:256,1
DA:264,1
LF:105
LH:100
BRDA:61,0,0,0
BRDA:61,0,1,26
BRDA:92,1,0,0
BRDA:92,1,1,26
BRDA:93,2,0,24
BRDA:93,2,1,2
BRDA:94,3,0,25
BRDA:94,3,1,1
BRDA:98,4,0,28
BRDA:98,4,1,1
BRDA:100,5,0,1
BRDA:100,5,1,28
BRDA:106,6,0,28
BRDA:106,6,1,0
BRDA:106,7,0,28
BRDA:106,7,1,0
BRDA:127,8,0,26
BRDA:127,8,1,15
BRDA:133,9,0,0
BRDA:133,9,1,69
BRDA:139,10,0,70
BRDA:139,10,1,28
BRDA:146,11,0,0
BRDA:146,11,1,44
BRDA:156,12,0,0
BRDA:156,12,1,44
BRDA:160,13,0,1
BRDA:160,13,1,43
BRDA:163,14,0,1
BRDA:163,14,1,0
BRDA:170,15,0,1
BRDA:170,15,1,42
BRDA:170,16,0,43
BRDA:170,16,1,11
BRDA:170,16,2,1
BRDA:177,17,0,72
BRDA:177,17,1,67
BRDA:177,17,2,28
BRDA:177,17,3,24
BRDA:181,18,0,19
BRDA:181,18,1,53
BRDA:198,19,0,0
BRDA:198,19,1,20
BRDA:237,20,0,3
BRDA:237,20,1,2
BRDA:241,21,0,1
BRDA:241,21,1,1
BRF:47
BRH:38
end_of_record
TN:
SF:js/src/tab.js
FN:47,(anonymous_0)
FN:52,(anonymous_1)
FN:81,(anonymous_2)
FN:94,(anonymous_3)
FN:102,(anonymous_4)
FN:112,(anonymous_5)
FN:161,(anonymous_6)
FN:162,(anonymous_7)
FN:180,(anonymous_8)
FNF:9
FNH:9
FNDA:67,(anonymous_0)
FNDA:25,(anonymous_1)
FNDA:22,(anonymous_2)
FNDA:37,(anonymous_3)
FNDA:37,(anonymous_4)
FNDA:37,(anonymous_5)
FNDA:4,(anonymous_6)
FNDA:4,(anonymous_7)
FNDA:12,(anonymous_8)
DA:17,1
DA:18,1
DA:19,1
DA:20,1
DA:22,1
DA:23,1
DA:24,1
DA:25,1
DA:26,1
DA:28,1
DA:29,1
DA:30,1
DA:31,1
DA:33,1
DA:34,1
DA:35,1
DA:36,1
DA:37,1
DA:38,1
DA:39,1
DA:48,67
DA:53,25
DA:56,1
DA:59,24
DA:60,24
DA:63,24
DA:64,24
DA:65,24
DA:66,24
DA:69,24
DA:73,24
DA:75,24
DA:76,2
DA:79,22
DA:81,22
DA:82,22
DA:83,22
DA:86,22
DA:87,15
DA:89,7
DA:95,37
DA:99,37
DA:100,37
DA:102,37
DA:104,37
DA:105,3
DA:106,3
DA:108,34
DA:113,37
DA:114,16
DA:116,16
DA:118,16
DA:119,1
DA:122,16
DA:123,7
DA:127,37
DA:128,37
DA:129,18
DA:132,37
DA:134,37
DA:135,5
DA:138,37
DA:139,37
DA:140,17
DA:143,37
DA:144,2
DA:146,2
DA:147,2
DA:148,2
DA:152,2
DA:155,37
DA:156,15
DA:162,4
DA:163,4
DA:165,4
DA:166,2
DA:167,1
DA:170,1
DA:180,1
DA:181,12
DA:182,5
DA:185,12
DA:186,0
DA:189,12
DA:190,12
DA:197,1
LF:86
LH:85
BRDA:53,0,0,1
BRDA:53,0,1,24
BRDA:53,1,0,25
BRDA:53,1,1,25
BRDA:53,1,2,25
BRDA:63,2,0,24
BRDA:63,2,1,0
BRDA:64,3,0,19
BRDA:64,3,1,5
BRDA:64,4,0,24
BRDA:64,4,1,6
BRDA:69,5,0,10
BRDA:69,5,1,14
BRDA:75,6,0,2
BRDA:75,6,1,22
BRDA:75,7,0,24
BRDA:75,7,1,23
BRDA:75,7,2,10
BRDA:86,8,0,15
BRDA:86,8,1,7
BRDA:95,9,0,21
BRDA:95,9,1,16
BRDA:95,10,0,37
BRDA:95,10,1,37
BRDA:95,10,2,18
BRDA:100,11,0,37
BRDA:100,11,1,15
BRDA:100,11,2,7
BRDA:104,12,0,3
BRDA:104,12,1,34
BRDA:104,13,0,37
BRDA:104,13,1,16
BRDA:113,14,0,16
BRDA:113,14,1,21
BRDA:118,15,0,1
BRDA:118,15,1,15
BRDA:122,16,0,7
BRDA:122,16,1,9
BRDA:128,17,0,18
BRDA:128,17,1,19
BRDA:134,18,0,5
BRDA:134,18,1,32
BRDA:139,19,0,17
BRDA:139,19,1,20
BRDA:139,20,0,37
BRDA:139,20,1,36
BRDA:143,21,0,2
BRDA:143,21,1,35
BRDA:143,22,0,37
BRDA:143,22,1,36
BRDA:146,23,0,2
BRDA:146,23,1,0
BRDA:155,24,0,15
BRDA:155,24,1,22
BRDA:165,25,0,2
BRDA:165,25,1,2
BRDA:166,26,0,1
BRDA:166,26,1,1
BRDA:181,27,0,5
BRDA:181,27,1,7
BRDA:185,28,0,0
BRDA:185,28,1,12
BRF:62
BRH:59
end_of_record
TN:
SF:js/src/toast.js
FN:52,(anonymous_0)
FN:62,(anonymous_1)
FN:66,(anonymous_2)
FN:70,(anonymous_3)
FN:75,(anonymous_4)
FN:88,(anonymous_5)
FN:102,(anonymous_6)
FN:113,(anonymous_7)
FN:123,(anonymous_8)
FN:135,(anonymous_9)
FN:144,(anonymous_10)
FN:149,(anonymous_11)
FN:176,(anonymous_12)
FN:177,(anonymous_13)
FN:178,(anonymous_14)
FN:179,(anonymous_15)
FN:180,(anonymous_16)
FN:183,(anonymous_17)
FN:189,(anonymous_18)
FN:190,(anonymous_19)
FNF:20
FNH:20
FNDA:28,(anonymous_0)
FNDA:29,(anonymous_1)
FNDA:29,(anonymous_2)
FNDA:60,(anonymous_3)
FNDA:15,(anonymous_4)
FNDA:14,(anonymous_5)
FNDA:11,(anonymous_6)
FNDA:8,(anonymous_7)
FNDA:2,(anonymous_8)
FNDA:20,(anonymous_9)
FNDA:7,(anonymous_10)
FNDA:14,(anonymous_11)
FNDA:28,(anonymous_12)
FNDA:4,(anonymous_13)
FNDA:2,(anonymous_14)
FNDA:4,(anonymous_15)
FNDA:4,(anonymous_16)
FNDA:24,(anonymous_17)
FNDA:4,(anonymous_18)
FNDA:4,(anonymous_19)
DA:17,1
DA:18,1
DA:19,1
DA:21,1
DA:22,1
DA:23,1
DA:24,1
DA:25,1
DA:26,1
DA:27,1
DA:28,1
DA:30,1
DA:31,1
DA:32,1
DA:33,1
DA:35,1
DA:41,1
DA:53,28
DA:55,28
DA:56,28
DA:57,28
DA:58,28
DA:63,29
DA:67,29
DA:71,60
DA:76,15
DA:78,15
DA:79,1
DA:82,14
DA:84,14
DA:85,11
DA:88,14
DA:89,14
DA:90,14
DA:92,14
DA:95,14
DA:96,14
DA:97,14
DA:99,14
DA:103,11
DA:104,1
DA:107,10
DA:109,10
DA:110,2
DA:113,8
DA:114,8
DA:115,8
DA:116,8
DA:119,8
DA:120,8
DA:124,2
DA:126,2
DA:127,1
DA:130,2
DA:136,20
DA:137,4
DA:140,16
DA:141,3
DA:144,13
DA:145,7
DA:150,14
DA:153,6
DA:154,6
DA:157,8
DA:158,8
DA:160,0
DA:163,14
DA:164,8
DA:165,8
DA:168,6
DA:169,6
DA:170,0
DA:173,6
DA:177,28
DA:178,28
DA:179,28
DA:180,28
DA:184,24
DA:185,24
DA:190,4
DA:191,4
DA:193,4
DA:194,2
DA:195,1
DA:198,1
DA:208,1
DA:214,1
LF:87
LH:85
BRDA:78,0,0,1
BRDA:78,0,1,14
BRDA:84,1,0,11
BRDA:84,1,1,3
BRDA:103,2,0,1
BRDA:103,2,1,10
BRDA:109,3,0,2
BRDA:109,3,1,8
BRDA:126,4,0,1
BRDA:126,4,1,1
BRDA:136,5,0,4
BRDA:136,5,1,16
BRDA:140,6,0,3
BRDA:140,6,1,13
BRDA:140,7,0,16
BRDA:140,7,1,15
BRDA:150,8,0,4
BRDA:150,8,1,6
BRDA:150,8,2,4
BRDA:150,8,3,8
BRDA:150,8,4,0
BRDA:163,9,0,8
BRDA:163,9,1,6
BRDA:169,10,0,0
BRDA:169,10,1,6
BRDA:169,11,0,6
BRDA:169,11,1,6
BRDA:193,12,0,2
BRDA:193,12,1,2
BRDA:194,13,0,1
BRDA:194,13,1,1
BRF:31
BRH:29
end_of_record
TN:
SF:js/src/tooltip.js
FN:115,(anonymous_0)
FN:137,(anonymous_1)
FN:141,(anonymous_2)
FN:145,(anonymous_3)
FN:149,(anonymous_4)
FN:154,(anonymous_5)
FN:158,(anonymous_6)
FN:162,(anonymous_7)
FN:166,(anonymous_8)
FN:193,(anonymous_9)
FN:206,(anonymous_10)
FN:254,(anonymous_11)
FN:268,(anonymous_12)
FN:294,(anonymous_13)
FN:312,(anonymous_14)
FN:319,(anonymous_15)
FN:323,(anonymous_16)
FN:331,(anonymous_17)
FN:354,(anonymous_18)
FN:370,(anonymous_19)
FN:386,(anonymous_20)
FN:392,(anonymous_21)
FN:397,(anonymous_22)
FN:401,(anonymous_23)
FN:405,(anonymous_24)
FN:409,(anonymous_25)
FN:417,(anonymous_26)
FN:421,(anonymous_27)
FN:425,(anonymous_28)
FN:431,(anonymous_29)
FN:435,(anonymous_30)
FN:467,(anonymous_31)
FN:482,(anonymous_32)
FN:487,(anonymous_33)
FN:496,(anonymous_34)
FN:501,(anonymous_35)
FN:511,(anonymous_36)
FN:530,(anonymous_37)
FN:544,(anonymous_38)
FN:552,(anonymous_39)
FN:559,(anonymous_40)
FN:566,(anonymous_41)
FN:573,(anonymous_42)
FN:578,(anonymous_43)
FN:582,(anonymous_44)
FN:601,(anonymous_45)
FN:624,(anonymous_46)
FN:639,(anonymous_47)
FN:647,(anonymous_48)
FN:648,(anonymous_49)
FNF:50
FNH:49
FNDA:100,(anonymous_0)
FNDA:352,(anonymous_1)
FNDA:82,(anonymous_2)
FNDA:264,(anonymous_3)
FNDA:440,(anonymous_4)
FNDA:1,(anonymous_5)
FNDA:2,(anonymous_6)
FNDA:1,(anonymous_7)
FNDA:8,(anonymous_8)
FNDA:4,(anonymous_9)
FNDA:53,(anonymous_10)
FNDA:47,(anonymous_11)
FNDA:14,(anonymous_12)
FNDA:12,(anonymous_13)
FNDA:2,(anonymous_14)
FNDA:43,(anonymous_15)
FNDA:227,(anonymous_16)
FNDA:59,(anonymous_17)
FNDA:12,(anonymous_18)
FNDA:59,(anonymous_19)
FNDA:39,(anonymous_20)
FNDA:105,(anonymous_21)
FNDA:15,(anonymous_22)
FNDA:117,(anonymous_23)
FNDA:35,(anonymous_24)
FNDA:43,(anonymous_25)
FNDA:47,(anonymous_26)
FNDA:2,(anonymous_27)
FNDA:90,(anonymous_28)
FNDA:168,(anonymous_29)
FNDA:45,(anonymous_30)
FNDA:140,(anonymous_31)
FNDA:100,(anonymous_32)
FNDA:4,(anonymous_33)
FNDA:9,(anonymous_34)
FNDA:2,(anonymous_35)
FNDA:0,(anonymous_36)
FNDA:99,(anonymous_37)
FNDA:14,(anonymous_38)
FNDA:12,(anonymous_39)
FNDA:11,(anonymous_40)
FNDA:5,(anonymous_41)
FNDA:19,(anonymous_42)
FNDA:27,(anonymous_43)
FNDA:100,(anonymous_44)
FNDA:100,(anonymous_45)
FNDA:15,(anonymous_46)
FNDA:27,(anonymous_47)
FNDA:4,(anonymous_48)
FNDA:4,(anonymous_49)
DA:27,2
DA:28,2
DA:29,2
DA:30,2
DA:32,2
DA:33,2
DA:34,2
DA:36,2
DA:37,2
DA:39,2
DA:41,2
DA:42,2
DA:43,2
DA:44,2
DA:46,2
DA:54,2
DA:77,2
DA:97,2
DA:116,100
DA:117,0
DA:120,100
DA:123,100
DA:124,100
DA:125,100
DA:126,100
DA:127,100
DA:128,100
DA:131,100
DA:133,100
DA:138,352
DA:142,82
DA:146,264
DA:150,440
DA:155,1
DA:159,2
DA:163,1
DA:167,8
DA:168,1
DA:171,7
DA:172,4
DA:174,4
DA:176,4
DA:177,3
DA:179,1
DA:182,4
DA:185,3
DA:186,1
DA:187,1
DA:190,2
DA:194,4
DA:196,4
DA:198,4
DA:199,2
DA:202,4
DA:203,4
DA:207,53
DA:208,1
DA:211,52
DA:212,2
DA:215,50
DA:216,50
DA:217,50
DA:221,50
DA:222,3
DA:225,47
DA:227,47
DA:229,47
DA:231,47
DA:232,45
DA:233,45
DA:236,47
DA:237,4
DA:239,43
DA:242,47
DA:248,47
DA:249,44
DA:250,1581
DA:254,47
DA:255,47
DA:257,47
DA:258,47
DA:260,47
DA:261,7
DA:265,47
DA:269,14
DA:270,1
DA:273,13
DA:274,13
DA:275,1
DA:278,12
DA:279,12
DA:283,12
DA:284,11
DA:285,395
DA:289,12
DA:290,12
DA:291,12
DA:292,12
DA:294,12
DA:295,12
DA:296,1
DA:299,11
DA:300,11
DA:303,11
DA:304,11
DA:306,11
DA:309,12
DA:313,2
DA:314,1
DA:320,43
DA:324,227
DA:325,47
DA:328,227
DA:332,59
DA:335,59
DA:336,1
DA:339,58
DA:341,58
DA:343,58
DA:345,58
DA:347,58
DA:348,53
DA:351,58
DA:355,12
DA:356,12
DA:357,4
DA:358,4
DA:359,4
DA:362,12
DA:363,12
DA:365,12
DA:366,1
DA:371,59
DA:372,4
DA:374,55
DA:383,59
DA:387,39
DA:393,105
DA:398,15
DA:402,117
DA:406,35
DA:410,43
DA:413,43
DA:414,43
DA:418,47
DA:420,47
DA:421,2
DA:424,46
DA:425,90
DA:428,44
DA:432,168
DA:436,45
DA:470,140
DA:476,45
DA:483,100
DA:485,100
DA:486,176
DA:487,23
DA:488,153
DA:489,152
DA:492,152
DA:496,152
DA:497,9
DA:498,9
DA:499,9
DA:501,152
DA:502,2
DA:503,2
DA:506,2
DA:511,100
DA:512,0
DA:513,0
DA:517,100
DA:519,100
DA:520,1
DA:526,99
DA:531,99
DA:533,99
DA:534,27
DA:537,72
DA:538,53
DA:541,72
DA:545,14
DA:546,2
DA:547,2
DA:550,12
DA:552,12
DA:553,12
DA:554,12
DA:560,11
DA:561,4
DA:564,7
DA:566,7
DA:567,5
DA:568,4
DA:574,19
DA:575,19
DA:579,27
DA:583,100
DA:585,100
DA:586,19
DA:587,1
DA:591,100
DA:595,100
DA:596,100
DA:597,100
DA:598,100
DA:602,100
DA:604,100
DA:605,98
DA:611,100
DA:612,100
DA:613,100
DA:614,1
DA:617,100
DA:618,1
DA:621,100
DA:625,15
DA:627,15
DA:628,270
DA:629,64
DA:636,15
DA:640,27
DA:641,12
DA:642,12
DA:648,4
DA:649,4
DA:651,4
DA:652,2
DA:655,2
DA:656,1
DA:659,1
DA:668,2
LF:233
LH:230
BRDA:49,0,0,0
BRDA:49,0,1,2
BRDA:51,1,0,0
BRDA:51,1,1,2
BRDA:116,2,0,0
BRDA:116,2,1,100
BRDA:167,3,0,1
BRDA:167,3,1,7
BRDA:171,4,0,4
BRDA:171,4,1,3
BRDA:176,5,0,3
BRDA:176,5,1,1
BRDA:185,6,0,1
BRDA:185,6,1,2
BRDA:198,7,0,2
BRDA:198,7,1,2
BRDA:207,8,0,1
BRDA:207,8,1,52
BRDA:211,9,0,2
BRDA:211,9,1,50
BRDA:211,10,0,52
BRDA:211,10,1,51
BRDA:217,11,0,50
BRDA:217,11,1,0
BRDA:221,12,0,3
BRDA:221,12,1,47
BRDA:221,13,0,50
BRDA:221,13,1,49
BRDA:231,14,0,45
BRDA:231,14,1,2
BRDA:236,15,0,4
BRDA:236,15,1,43
BRDA:248,16,0,44
BRDA:248,16,1,3
BRDA:260,17,0,7
BRDA:260,17,1,40
BRDA:269,18,0,1
BRDA:269,18,1,13
BRDA:274,19,0,1
BRDA:274,19,1,12
BRDA:283,20,0,11
BRDA:283,20,1,1
BRDA:295,21,0,1
BRDA:295,21,1,11
BRDA:299,22,0,11
BRDA:299,22,1,0
BRDA:313,23,0,1
BRDA:313,23,1,1
BRDA:324,24,0,47
BRDA:324,24,1,180
BRDA:335,25,0,1
BRDA:335,25,1,58
BRDA:347,26,0,53
BRDA:347,26,1,5
BRDA:356,27,0,4
BRDA:356,27,1,8
BRDA:365,28,0,1
BRDA:365,28,1,11
BRDA:371,29,0,4
BRDA:371,29,1,55
BRDA:402,30,0,117
BRDA:402,30,1,9
BRDA:402,30,2,4
BRDA:406,31,0,35
BRDA:406,31,1,20
BRDA:410,32,0,1
BRDA:410,32,1,42
BRDA:420,33,0,1
BRDA:420,33,1,46
BRDA:424,34,0,2
BRDA:424,34,1,44
BRDA:432,35,0,6
BRDA:432,35,1,162
BRDA:478,36,0,1
BRDA:478,36,1,44
BRDA:486,37,0,23
BRDA:486,37,1,153
BRDA:488,38,0,152
BRDA:488,38,1,1
BRDA:489,39,0,76
BRDA:489,39,1,76
BRDA:492,40,0,76
BRDA:492,40,1,76
BRDA:498,41,0,0
BRDA:498,41,1,9
BRDA:503,42,0,0
BRDA:503,42,1,2
BRDA:512,43,0,0
BRDA:512,43,1,0
BRDA:519,44,0,1
BRDA:519,44,1,99
BRDA:533,45,0,27
BRDA:533,45,1,72
BRDA:537,46,0,53
BRDA:537,46,1,19
BRDA:537,47,0,72
BRDA:537,47,1,71
BRDA:545,48,0,2
BRDA:545,48,1,12
BRDA:545,49,0,14
BRDA:545,49,1,13
BRDA:553,50,0,12
BRDA:553,50,1,0
BRDA:560,51,0,4
BRDA:560,51,1,7
BRDA:567,52,0,4
BRDA:567,52,1,1
BRDA:586,53,0,1
BRDA:586,53,1,18
BRDA:593,54,0,41
BRDA:593,54,1,59
BRDA:593,55,0,100
BRDA:593,55,1,43
BRDA:602,56,0,96
BRDA:602,56,1,4
BRDA:604,57,0,98
BRDA:604,57,1,2
BRDA:611,58,0,100
BRDA:611,58,1,28
BRDA:612,59,0,100
BRDA:612,59,1,92
BRDA:613,60,0,1
BRDA:613,60,1,99
BRDA:617,61,0,1
BRDA:617,61,1,99
BRDA:628,62,0,64
BRDA:628,62,1,206
BRDA:640,63,0,12
BRDA:640,63,1,15
BRDA:651,64,0,2
BRDA:651,64,1,2
BRDA:655,65,0,1
BRDA:655,65,1,1
BRF:133
BRH:123
end_of_record
TN:
SF:js/src/dom/data.js
FN:15,(anonymous_0)
FN:33,(anonymous_1)
FN:41,(anonymous_2)
FNF:3
FNH:3
FNDA:526,(anonymous_0)
FNDA:477,(anonymous_1)
FNDA:34,(anonymous_2)
DA:12,15
DA:16,526
DA:17,514
DA:20,526
DA:24,526
DA:26,1
DA:27,1
DA:30,525
DA:34,477
DA:35,281
DA:38,196
DA:42,34
DA:43,3
DA:46,31
DA:48,31
DA:49,31
DA:50,31
DA:53,31
DA:54,30
LF:19
LH:19
BRDA:16,0,0,514
BRDA:16,0,1,12
BRDA:24,1,0,1
BRDA:24,1,1,525
BRDA:24,2,0,526
BRDA:24,2,1,515
BRDA:34,3,0,281
BRDA:34,3,1,196
BRDA:35,4,0,281
BRDA:35,4,1,4
BRDA:42,5,0,3
BRDA:42,5,1,31
BRDA:49,6,0,31
BRDA:49,6,1,0
BRDA:53,7,0,30
BRDA:53,7,1,1
BRF:16
BRH:15
end_of_record
TN:
SF:js/src/dom/event-handler.js
FN:77,getUidEvent
FN:81,getEvent
FN:90,bootstrapHandler
FN:91,handler
FN:102,bootstrapDelegationHandler
FN:103,handler
FN:124,findHandler
FN:126,(anonymous_7)
FN:129,normalizeParameters
FN:141,addHandler
FN:154,(anonymous_10)
FN:155,(anonymous_11)
FN:194,removeHandler
FN:205,removeNamespacedHandlers
FN:216,getTypeEvent
FN:223,(anonymous_15)
FN:227,(anonymous_16)
FN:231,(anonymous_17)
FN:268,(anonymous_18)
FN:297,(anonymous_19)
FNF:20
FNH:20
FNDA:7869,getUidEvent
FNDA:5609,getEvent
FNDA:2235,bootstrapHandler
FNDA:616,handler
FNDA:25,bootstrapDelegationHandler
FNDA:2006,handler
FNDA:5681,findHandler
FNDA:3518,(anonymous_7)
FNDA:5609,normalizeParameters
FNDA:4467,addHandler
FNDA:277,(anonymous_10)
FNDA:39,(anonymous_11)
FNDA:1318,removeHandler
FNDA:271,removeNamespacedHandlers
FNDA:6780,getTypeEvent
FNDA:4444,(anonymous_15)
FNDA:23,(anonymous_16)
FNDA:1252,(anonymous_17)
FNDA:1184,(anonymous_18)
FNDA:21,(anonymous_19)
DA:14,18
DA:15,18
DA:16,18
DA:17,18
DA:18,18
DA:19,18
DA:23,18
DA:24,18
DA:78,7869
DA:82,5609
DA:84,5609
DA:85,5609
DA:87,5609
DA:91,2235
DA:92,616
DA:94,616
DA:95,15
DA:98,616
DA:103,25
DA:104,2006
DA:106,2006
DA:107,9380
DA:108,428
DA:109,284
DA:112,144
DA:114,144
DA:115,1
DA:118,144
DA:125,5681
DA:126,3518
DA:130,5609
DA:131,5609
DA:132,5609
DA:134,5609
DA:135,167
DA:138,5609
DA:142,4467
DA:143,104
DA:146,4363
DA:147,326
DA:148,326
DA:153,4363
DA:154,277
DA:155,277
DA:156,39
DA:157,22
DA:162,277
DA:163,2
DA:165,275
DA:169,4363
DA:170,4363
DA:171,4363
DA:172,4363
DA:174,4363
DA:175,2103
DA:177,2103
DA:180,2260
DA:181,2260
DA:185,2260
DA:186,2260
DA:187,2260
DA:188,2260
DA:189,2260
DA:191,2260
DA:195,1318
DA:197,1318
DA:198,1
DA:201,1317
DA:202,1317
DA:206,271
DA:208,271
DA:209,300
DA:210,153
DA:211,153
DA:218,6780
DA:219,6780
DA:222,18
DA:224,4444
DA:228,23
DA:232,1252
DA:233,6
DA:236,1246
DA:237,1246
DA:238,1246
DA:239,1246
DA:241,1246
DA:243,1078
DA:244,0
DA:247,1078
DA:248,1078
DA:251,168
DA:252,106
DA:253,271
DA:257,168
DA:258,168
DA:259,88
DA:261,88
DA:262,87
DA:263,87
DA:269,1184
DA:270,13
DA:273,1171
DA:274,1171
DA:275,1171
DA:277,1171
DA:278,1171
DA:279,1171
DA:280,1171
DA:282,1171
DA:283,0
DA:285,0
DA:286,0
DA:287,0
DA:288,0
DA:291,1171
DA:294,1171
DA:295,391
DA:296,542
DA:298,21
DA:304,1171
DA:305,0
DA:308,1171
DA:309,1171
DA:312,1171
DA:313,0
DA:316,1171
LF:126
LH:118
BRDA:78,0,0,7869
BRDA:78,0,1,1051
BRDA:78,0,2,6818
BRDA:78,0,3,1683
BRDA:85,1,0,5609
BRDA:85,1,1,556
BRDA:94,2,0,15
BRDA:94,2,1,601
BRDA:106,3,0,11242
BRDA:106,3,1,11212
BRDA:108,4,0,284
BRDA:108,4,1,144
BRDA:114,5,0,1
BRDA:114,5,1,143
BRDA:124,6,0,0
BRDA:126,7,0,3518
BRDA:126,7,1,3424
BRDA:131,8,0,28
BRDA:131,8,1,5581
BRDA:134,9,0,167
BRDA:134,9,1,5442
BRDA:142,10,0,104
BRDA:142,10,1,4363
BRDA:142,11,0,4467
BRDA:142,11,1,4466
BRDA:146,12,0,326
BRDA:146,12,1,4037
BRDA:153,13,0,277
BRDA:153,13,1,4086
BRDA:156,14,0,22
BRDA:156,14,1,17
BRDA:156,15,0,39
BRDA:156,15,1,26
BRDA:156,15,2,22
BRDA:162,16,0,2
BRDA:162,16,1,275
BRDA:171,17,0,4363
BRDA:171,17,1,1026
BRDA:172,18,0,25
BRDA:172,18,1,4338
BRDA:174,19,0,2103
BRDA:174,19,1,2260
BRDA:175,20,0,2103
BRDA:175,20,1,0
BRDA:181,21,0,25
BRDA:181,21,1,2235
BRDA:185,22,0,25
BRDA:185,22,1,2235
BRDA:197,23,0,1
BRDA:197,23,1,1317
BRDA:206,24,0,271
BRDA:206,24,1,0
BRDA:209,25,0,153
BRDA:209,25,1,147
BRDA:219,26,0,6780
BRDA:219,26,1,6503
BRDA:232,27,0,6
BRDA:232,27,1,1246
BRDA:232,28,0,1252
BRDA:232,28,1,1251
BRDA:241,29,0,1078
BRDA:241,29,1,168
BRDA:243,30,0,0
BRDA:243,30,1,1078
BRDA:243,31,0,1078
BRDA:243,31,1,1078
BRDA:247,32,0,2
BRDA:247,32,1,1076
BRDA:251,33,0,106
BRDA:251,33,1,62
BRDA:257,34,0,168
BRDA:257,34,1,106
BRDA:261,35,0,87
BRDA:261,35,1,1
BRDA:261,36,0,88
BRDA:261,36,1,81
BRDA:269,37,0,13
BRDA:269,37,1,1171
BRDA:269,38,0,1184
BRDA:269,38,1,1184
BRDA:282,39,0,0
BRDA:282,39,1,1171
BRDA:282,40,0,1171
BRDA:282,40,1,1150
BRDA:294,41,0,391
BRDA:294,41,1,780
BRDA:304,42,0,0
BRDA:304,42,1,1171
BRDA:308,43,0,1171
BRDA:308,43,1,0
BRDA:312,44,0,0
BRDA:312,44,1,1171
BRDA:312,45,0,1171
BRDA:312,45,1,20
BRF:94
BRH:86
end_of_record
TN:
SF:js/src/dom/manipulator.js
FN:8,normalizeData
FN:28,normalizeDataKey
FN:29,(anonymous_2)
FN:33,(anonymous_3)
FN:37,(anonymous_4)
FN:41,(anonymous_5)
FN:47,(anonymous_6)
FN:58,(anonymous_7)
FN:62,(anonymous_8)
FN:71,(anonymous_9)
FNF:10
FNH:10
FNDA:292,normalizeData
FNDA:149,normalizeDataKey
FNDA:3,(anonymous_2)
FNDA:17,(anonymous_3)
FNDA:35,(anonymous_4)
FNDA:531,(anonymous_5)
FNDA:198,(anonymous_6)
FNDA:97,(anonymous_7)
FNDA:10,(anonymous_8)
FNDA:41,(anonymous_9)
DA:9,292
DA:10,3
DA:13,289
DA:14,24
DA:17,265
DA:18,9
DA:21,256
DA:22,2
DA:25,254
DA:29,149
DA:32,21
DA:34,17
DA:38,35
DA:42,531
DA:43,1
DA:46,530
DA:47,530
DA:49,530
DA:50,195
DA:51,195
DA:52,195
DA:55,530
DA:59,97
DA:63,10
DA:65,10
DA:72,41
LF:26
LH:26
BRDA:9,0,0,3
BRDA:9,0,1,289
BRDA:13,1,0,24
BRDA:13,1,1,265
BRDA:17,2,0,9
BRDA:17,2,1,256
BRDA:21,3,0,2
BRDA:21,3,1,254
BRDA:21,4,0,256
BRDA:21,4,1,254
BRDA:42,5,0,1
BRDA:42,5,1,530
BRF:12
BRH:12
end_of_record
TN:
SF:js/src/dom/selector-engine.js
FN:15,(anonymous_0)
FN:19,(anonymous_1)
FN:23,(anonymous_2)
FN:24,(anonymous_3)
FN:27,(anonymous_4)
FN:39,(anonymous_5)
FN:53,(anonymous_6)
FN:67,(anonymous_7)
FN:77,(anonymous_8)
FN:79,(anonymous_9)
FNF:10
FNH:10
FNDA:1024,(anonymous_0)
FNDA:496,(anonymous_1)
FNDA:17,(anonymous_2)
FNDA:38,(anonymous_3)
FNDA:21,(anonymous_4)
FNDA:31,(anonymous_5)
FNDA:3,(anonymous_6)
FNDA:93,(anonymous_7)
FNDA:744,(anonymous_8)
FNDA:18,(anonymous_9)
DA:14,13
DA:16,1024
DA:20,496
DA:24,38
DA:28,21
DA:29,21
DA:31,21
DA:32,15
DA:33,15
DA:36,21
DA:40,31
DA:42,31
DA:43,4
DA:44,3
DA:47,1
DA:50,28
DA:54,3
DA:56,3
DA:57,4
DA:58,3
DA:61,1
DA:64,0
DA:68,93
DA:77,744
DA:79,93
LF:25
LH:24
BRDA:15,0,0,276
BRDA:19,1,0,41
BRDA:43,2,0,3
BRDA:43,2,1,1
BRDA:57,3,0,3
BRDA:57,3,1,1
BRDA:79,4,0,18
BRDA:79,4,1,17
BRF:8
BRH:8
end_of_record
TN:
SF:js/src/util/backdrop.js
FN:42,(anonymous_0)
FN:50,(anonymous_1)
FN:54,(anonymous_2)
FN:58,(anonymous_3)
FN:63,(anonymous_4)
FN:78,(anonymous_5)
FN:83,(anonymous_6)
FN:91,(anonymous_7)
FN:97,(anonymous_8)
FN:109,(anonymous_9)
FN:123,(anonymous_10)
FN:129,(anonymous_11)
FN:137,(anonymous_12)
FN:144,(anonymous_13)
FNF:14
FNH:13
FNDA:113,(anonymous_0)
FNDA:113,(anonymous_1)
FNDA:113,(anonymous_2)
FNDA:0,(anonymous_3)
FNDA:71,(anonymous_4)
FNDA:66,(anonymous_5)
FNDA:30,(anonymous_6)
FNDA:28,(anonymous_7)
FNDA:31,(anonymous_8)
FNDA:256,(anonymous_9)
FNDA:113,(anonymous_10)
FNDA:66,(anonymous_11)
FNDA:5,(anonymous_12)
FNDA:94,(anonymous_13)
DA:16,3
DA:17,3
DA:18,3
DA:19,3
DA:21,3
DA:29,3
DA:43,113
DA:44,113
DA:45,113
DA:46,113
DA:51,113
DA:55,113
DA:59,0
DA:64,71
DA:65,5
DA:66,5
DA:69,66
DA:71,66
DA:72,66
DA:73,32
DA:76,66
DA:78,66
DA:79,66
DA:84,30
DA:85,2
DA:86,2
DA:89,28
DA:91,28
DA:92,28
DA:93,28
DA:98,31
DA:99,2
DA:102,29
DA:104,29
DA:105,29
DA:110,256
DA:111,64
DA:112,64
DA:113,64
DA:114,32
DA:117,64
DA:120,256
DA:125,113
DA:126,113
DA:130,66
DA:131,1
DA:134,65
DA:135,65
DA:137,65
DA:138,5
DA:141,65
DA:145,94
LF:52
LH:51
BRDA:64,0,0,5
BRDA:64,0,1,66
BRDA:72,1,0,32
BRDA:72,1,1,34
BRDA:84,2,0,2
BRDA:84,2,1,28
BRDA:98,3,0,2
BRDA:98,3,1,29
BRDA:110,4,0,64
BRDA:110,4,1,192
BRDA:113,5,0,32
BRDA:113,5,1,32
BRDA:130,6,0,1
BRDA:130,6,1,65
BRF:14
BRH:14
end_of_record
TN:
SF:js/src/util/component-functions.js
FN:11,(anonymous_0)
FN:15,(anonymous_1)
FNF:2
FNH:2
FNDA:8,(anonymous_0)
FNDA:18,(anonymous_1)
DA:11,5
DA:12,8
DA:13,8
DA:15,8
DA:16,18
DA:17,6
DA:20,18
DA:21,3
DA:24,15
DA:25,15
DA:28,15
LF:11
LH:11
BRDA:11,0,0,6
BRDA:16,1,0,6
BRDA:16,1,1,12
BRDA:20,2,0,3
BRDA:20,2,1,15
BRDA:24,3,0,15
BRDA:24,3,1,11
BRF:7
BRH:7
end_of_record
TN:
SF:js/src/util/config.js
FN:17,(anonymous_0)
FN:21,(anonymous_1)
FN:25,(anonymous_2)
FN:29,(anonymous_3)
FN:36,(anonymous_4)
FN:40,(anonymous_5)
FN:48,(anonymous_6)
FNF:7
FNH:7
FNDA:75,(anonymous_0)
FNDA:75,(anonymous_1)
FNDA:1,(anonymous_2)
FNDA:310,(anonymous_3)
FNDA:478,(anonymous_4)
FNDA:829,(anonymous_5)
FNDA:929,(anonymous_6)
DA:18,75
DA:22,75
DA:26,1
DA:30,310
DA:31,310
DA:32,310
DA:33,310
DA:37,478
DA:41,829
DA:49,929
DA:50,4671
DA:51,4671
DA:52,4671
DA:54,4671
DA:55,1
LF:15
LH:15
BRDA:43,0,0,419
BRDA:43,0,1,410
BRDA:44,1,0,619
BRDA:44,1,1,210
BRDA:48,2,0,832
BRDA:52,3,0,374
BRDA:52,3,1,4297
BRDA:54,4,0,1
BRDA:54,4,1,4670
BRF:9
BRH:9
end_of_record
TN:
SF:js/src/util/focustrap.js
FN:41,(anonymous_0)
FN:49,(anonymous_1)
FN:53,(anonymous_2)
FN:57,(anonymous_3)
FN:62,(anonymous_4)
FN:72,(anonymous_5)
FN:73,(anonymous_6)
FN:78,(anonymous_7)
FN:88,(anonymous_8)
FN:106,(anonymous_9)
FNF:10
FNH:9
FNDA:107,(anonymous_0)
FNDA:107,(anonymous_1)
FNDA:107,(anonymous_2)
FNDA:0,(anonymous_3)
FNDA:60,(anonymous_4)
FNDA:92,(anonymous_5)
FNDA:7,(anonymous_6)
FNDA:28,(anonymous_7)
FNDA:92,(anonymous_8)
FNDA:7,(anonymous_9)
DA:16,3
DA:17,3
DA:18,3
DA:19,3
DA:20,3
DA:22,3
DA:23,3
DA:24,3
DA:26,3
DA:31,3
DA:42,107
DA:43,107
DA:44,107
DA:45,107
DA:50,107
DA:54,107
DA:58,0
DA:63,60
DA:64,0
DA:67,60
DA:68,59
DA:71,60
DA:72,92
DA:73,60
DA:75,60
DA:79,28
DA:80,6
DA:83,22
DA:84,22
DA:89,92
DA:91,92
DA:92,2
DA:95,90
DA:97,90
DA:98,87
DA:99,3
DA:100,1
DA:102,2
DA:107,7
DA:108,3
DA:111,4
LF:41
LH:39
BRDA:63,0,0,0
BRDA:63,0,1,60
BRDA:67,1,0,59
BRDA:67,1,1,1
BRDA:79,2,0,6
BRDA:79,2,1,22
BRDA:91,3,0,2
BRDA:91,3,1,90
BRDA:91,4,0,92
BRDA:91,4,1,92
BRDA:91,4,2,92
BRDA:97,5,0,87
BRDA:97,5,1,3
BRDA:99,6,0,1
BRDA:99,6,1,2
BRDA:107,7,0,3
BRDA:107,7,1,4
BRDA:111,8,0,2
BRDA:111,8,1,2
BRF:19
BRH:18
end_of_record
TN:
SF:js/src/util/index.js
FN:13,(anonymous_0)
FN:25,(anonymous_1)
FN:33,(anonymous_2)
FN:58,(anonymous_3)
FN:68,(anonymous_4)
FN:74,(anonymous_5)
FN:97,(anonymous_6)
FN:101,(anonymous_7)
FN:113,(anonymous_8)
FN:126,(anonymous_9)
FN:153,(anonymous_10)
FN:169,(anonymous_11)
FN:192,(anonymous_12)
FN:202,(anonymous_13)
FN:206,(anonymous_14)
FN:216,(anonymous_15)
FN:220,(anonymous_16)
FN:233,(anonymous_17)
FN:235,(anonymous_18)
FN:236,(anonymous_19)
FN:252,(anonymous_20)
FN:258,(anonymous_21)
FN:269,(anonymous_22)
FN:280,(anonymous_23)
FN:296,(anonymous_24)
FNF:25
FNH:25
FNDA:4297,(anonymous_0)
FNDA:60,(anonymous_1)
FNDA:327,(anonymous_2)
FNDA:117,(anonymous_3)
FNDA:210,(anonymous_4)
FNDA:429,(anonymous_5)
FNDA:411,(anonymous_6)
FNDA:7214,(anonymous_7)
FNDA:1199,(anonymous_8)
FNDA:56,(anonymous_9)
FNDA:166,(anonymous_10)
FNDA:54,(anonymous_11)
FNDA:2,(anonymous_12)
FNDA:244,(anonymous_13)
FNDA:1201,(anonymous_14)
FNDA:17,(anonymous_15)
FNDA:25,(anonymous_16)
FNDA:63,(anonymous_17)
FNDA:14,(anonymous_18)
FNDA:27,(anonymous_19)
FNDA:654,(anonymous_20)
FNDA:524,(anonymous_21)
FNDA:425,(anonymous_22)
FNDA:424,(anonymous_23)
FNDA:56,(anonymous_24)
DA:8,23
DA:9,23
DA:10,23
DA:13,23
DA:14,4297
DA:15,424
DA:18,3873
DA:25,23
DA:26,60
DA:27,60
DA:30,60
DA:33,23
DA:34,327
DA:36,327
DA:37,142
DA:43,142
DA:44,15
DA:48,127
DA:49,1
DA:52,127
DA:55,312
DA:58,23
DA:59,117
DA:61,117
DA:62,107
DA:65,10
DA:68,23
DA:69,210
DA:71,210
DA:74,23
DA:75,429
DA:76,2
DA:80,427
DA:82,427
DA:83,427
DA:86,427
DA:87,414
DA:91,13
DA:92,13
DA:94,13
DA:97,23
DA:98,411
DA:101,23
DA:102,7214
DA:103,4552
DA:106,2662
DA:107,12
DA:110,2662
DA:113,23
DA:115,1199
DA:116,1034
DA:119,165
DA:120,112
DA:123,53
DA:126,23
DA:127,56
DA:128,18
DA:131,38
DA:133,38
DA:135,38
DA:136,33
DA:139,5
DA:140,3
DA:141,3
DA:142,0
DA:145,3
DA:146,1
DA:150,4
DA:153,23
DA:154,166
DA:155,5
DA:158,161
DA:159,6
DA:162,155
DA:163,122
DA:166,33
DA:169,23
DA:170,54
DA:171,0
DA:175,54
DA:176,54
DA:177,54
DA:180,0
DA:181,0
DA:185,0
DA:186,0
DA:189,0
DA:192,23
DA:202,23
DA:203,244
DA:206,23
DA:207,1201
DA:208,2
DA:211,1199
DA:214,23
DA:216,23
DA:217,17
DA:219,15
DA:220,13
DA:221,25
DA:222,28
DA:227,15
DA:229,2
DA:233,63
DA:235,23
DA:236,14
DA:237,27
DA:239,27
DA:252,23
DA:253,654
DA:254,618
DA:258,23
DA:259,524
DA:260,99
DA:261,99
DA:264,425
DA:265,425
DA:267,425
DA:269,425
DA:270,425
DA:271,1
DA:274,424
DA:275,424
DA:276,424
DA:279,425
DA:280,425
DA:281,424
DA:282,409
DA:296,23
DA:297,56
DA:298,56
DA:302,56
DA:303,25
DA:306,31
DA:308,31
DA:309,26
DA:312,31
LF:137
LH:130
BRDA:14,0,0,424
BRDA:14,0,1,3873
BRDA:14,1,0,4297
BRDA:14,1,1,3874
BRDA:36,2,0,142
BRDA:36,2,1,185
BRDA:36,3,0,327
BRDA:36,3,1,188
BRDA:43,4,0,15
BRDA:43,4,1,127
BRDA:43,5,0,142
BRDA:43,5,1,128
BRDA:43,5,2,19
BRDA:48,6,0,1
BRDA:48,6,1,126
BRDA:48,7,0,127
BRDA:48,7,1,109
BRDA:52,8,0,111
BRDA:52,8,1,16
BRDA:52,9,0,127
BRDA:52,9,1,127
BRDA:61,10,0,107
BRDA:61,10,1,10
BRDA:62,11,0,106
BRDA:62,11,1,1
BRDA:71,12,0,189
BRDA:71,12,1,21
BRDA:75,13,0,2
BRDA:75,13,1,427
BRDA:86,14,0,414
BRDA:86,14,1,13
BRDA:86,15,0,427
BRDA:86,15,1,414
BRDA:102,16,0,4552
BRDA:102,16,1,2662
BRDA:102,17,0,7214
BRDA:102,17,1,5636
BRDA:106,18,0,12
BRDA:106,18,1,2650
BRDA:115,19,0,1034
BRDA:115,19,1,165
BRDA:116,20,0,6
BRDA:116,20,1,1028
BRDA:119,21,0,112
BRDA:119,21,1,53
BRDA:119,22,0,165
BRDA:119,22,1,126
BRDA:127,23,0,18
BRDA:127,23,1,38
BRDA:127,24,0,56
BRDA:127,24,1,53
BRDA:135,25,0,33
BRDA:135,25,1,5
BRDA:139,26,0,3
BRDA:139,26,1,2
BRDA:141,27,0,0
BRDA:141,27,1,3
BRDA:141,28,0,3
BRDA:141,28,1,2
BRDA:145,29,0,1
BRDA:145,29,1,2
BRDA:154,30,0,5
BRDA:154,30,1,161
BRDA:154,31,0,166
BRDA:154,31,1,163
BRDA:158,32,0,6
BRDA:158,32,1,155
BRDA:162,33,0,122
BRDA:162,33,1,33
BRDA:166,34,0,33
BRDA:166,34,1,4
BRDA:170,35,0,0
BRDA:170,35,1,54
BRDA:175,36,0,54
BRDA:175,36,1,0
BRDA:177,37,0,2
BRDA:177,37,1,52
BRDA:180,38,0,0
BRDA:180,38,1,0
BRDA:185,39,0,0
BRDA:185,39,1,0
BRDA:207,40,0,2
BRDA:207,40,1,1199
BRDA:207,41,0,1201
BRDA:207,41,1,3
BRDA:217,42,0,15
BRDA:217,42,1,2
BRDA:219,43,0,13
BRDA:219,43,1,2
BRDA:239,44,0,26
BRDA:253,45,0,618
BRDA:253,45,1,36
BRDA:258,46,0,5
BRDA:259,47,0,99
BRDA:259,47,1,425
BRDA:270,48,0,1
BRDA:270,48,1,424
BRDA:281,49,0,409
BRDA:281,49,1,15
BRDA:302,50,0,25
BRDA:302,50,1,31
BRDA:303,51,0,7
BRDA:303,51,1,18
BRDA:303,52,0,25
BRDA:303,52,1,9
BRDA:306,53,0,18
BRDA:306,53,1,13
BRDA:308,54,0,26
BRDA:308,54,1,5
BRF:109
BRH:102
end_of_record
TN:
SF:js/src/util/sanitizer.js
FN:35,(anonymous_0)
FN:47,(anonymous_1)
FN:48,(anonymous_2)
FN:85,sanitizeHtml
FNF:4
FNH:4
FNDA:279,(anonymous_0)
FNDA:48,(anonymous_1)
FNDA:6,(anonymous_2)
FNDA:91,sanitizeHtml
DA:8,4
DA:19,4
DA:26,4
DA:33,4
DA:35,4
DA:36,279
DA:38,279
DA:39,274
DA:40,7
DA:43,267
DA:47,48
DA:48,6
DA:51,4
DA:86,91
DA:87,1
DA:90,90
DA:91,1
DA:94,89
DA:95,89
DA:96,89
DA:98,89
DA:99,244
DA:101,244
DA:102,2
DA:104,2
DA:107,242
DA:108,242
DA:110,242
DA:111,279
DA:112,6
DA:117,89
LF:31
LH:31
BRDA:38,0,0,274
BRDA:38,0,1,5
BRDA:39,1,0,7
BRDA:39,1,1,267
BRDA:40,2,0,7
BRDA:40,2,1,5
BRDA:86,3,0,1
BRDA:86,3,1,90
BRDA:90,4,0,1
BRDA:90,4,1,89
BRDA:90,5,0,90
BRDA:90,5,1,1
BRDA:101,6,0,2
BRDA:101,6,1,242
BRDA:108,7,0,242
BRDA:108,7,1,0
BRDA:108,8,0,242
BRDA:108,8,1,0
BRDA:111,9,0,6
BRDA:111,9,1,273
BRF:20
BRH:18
end_of_record
TN:
SF:js/src/util/scrollbar.js
FN:26,(anonymous_0)
FN:31,(anonymous_1)
FN:37,(anonymous_2)
FN:41,(anonymous_3)
FN:43,(anonymous_4)
FN:44,(anonymous_5)
FN:47,(anonymous_6)
FN:54,(anonymous_7)
FN:59,(anonymous_8)
FN:64,(anonymous_9)
FN:66,(anonymous_10)
FN:79,(anonymous_11)
FN:86,(anonymous_12)
FN:87,(anonymous_13)
FN:102,(anonymous_14)
FNF:15
FNH:15
FNDA:95,(anonymous_0)
FNDA:308,(anonymous_1)
FNDA:63,(anonymous_2)
FNDA:63,(anonymous_3)
FNDA:5,(anonymous_4)
FNDA:3,(anonymous_5)
FNDA:32,(anonymous_6)
FNDA:2,(anonymous_7)
FNDA:63,(anonymous_8)
FNDA:189,(anonymous_9)
FNDA:73,(anonymous_10)
FNDA:134,(anonymous_11)
FNDA:128,(anonymous_12)
FNDA:74,(anonymous_13)
FNDA:317,(anonymous_14)
DA:16,3
DA:17,3
DA:18,3
DA:19,3
DA:27,95
DA:33,308
DA:34,308
DA:38,63
DA:39,63
DA:41,63
DA:43,63
DA:44,63
DA:48,32
DA:49,32
DA:50,32
DA:51,32
DA:55,2
DA:60,63
DA:61,63
DA:65,189
DA:66,189
DA:67,73
DA:68,2
DA:71,71
DA:72,71
DA:73,71
DA:76,189
DA:80,134
DA:81,134
DA:82,11
DA:87,128
DA:88,74
DA:90,74
DA:91,63
DA:92,63
DA:95,11
DA:96,11
DA:99,128
DA:103,317
DA:104,127
DA:105,127
DA:108,190
DA:109,20
LF:43
LH:43
BRDA:67,0,0,2
BRDA:67,0,1,71
BRDA:67,1,0,73
BRDA:67,1,1,10
BRDA:81,2,0,11
BRDA:81,2,1,123
BRDA:90,3,0,63
BRDA:90,3,1,11
BRDA:103,4,0,127
BRDA:103,4,1,190
BRF:10
BRH:10
end_of_record
TN:
SF:js/src/util/swipe.js
FN:45,(anonymous_0)
FN:60,(anonymous_1)
FN:64,(anonymous_2)
FN:68,(anonymous_3)
FN:73,(anonymous_4)
FN:78,(anonymous_5)
FN:90,(anonymous_6)
FN:99,(anonymous_7)
FN:105,(anonymous_8)
FN:123,(anonymous_9)
FN:125,(anonymous_10)
FN:126,(anonymous_11)
FN:130,(anonymous_12)
FN:131,(anonymous_13)
FN:132,(anonymous_14)
FN:136,(anonymous_15)
FN:141,(anonymous_16)
FNF:17
FNH:16
FNDA:17,(anonymous_0)
FNDA:15,(anonymous_1)
FNDA:15,(anonymous_2)
FNDA:0,(anonymous_3)
FNDA:3,(anonymous_4)
FNDA:14,(anonymous_5)
FNDA:14,(anonymous_6)
FNDA:230,(anonymous_7)
FNDA:14,(anonymous_8)
FNDA:15,(anonymous_9)
FNDA:4,(anonymous_10)
FNDA:4,(anonymous_11)
FNDA:10,(anonymous_12)
FNDA:230,(anonymous_13)
FNDA:10,(anonymous_14)
FNDA:18,(anonymous_15)
FNDA:75,(anonymous_16)
DA:16,2
DA:17,2
DA:18,2
DA:19,2
DA:20,2
DA:21,2
DA:22,2
DA:23,2
DA:24,2
DA:25,2
DA:26,2
DA:28,2
DA:34,2
DA:46,17
DA:47,17
DA:49,17
DA:50,2
DA:53,15
DA:54,15
DA:55,15
DA:56,15
DA:61,15
DA:65,15
DA:69,0
DA:74,3
DA:79,14
DA:80,10
DA:82,10
DA:85,4
DA:86,4
DA:91,14
DA:92,4
DA:95,14
DA:96,14
DA:100,230
DA:106,14
DA:108,14
DA:109,4
DA:112,10
DA:114,10
DA:116,10
DA:117,0
DA:120,10
DA:124,15
DA:125,8
DA:126,8
DA:128,8
DA:130,10
DA:131,230
DA:132,10
DA:137,18
DA:142,75
LF:52
LH:50
BRDA:49,0,0,2
BRDA:49,0,1,15
BRDA:49,1,0,17
BRDA:49,1,1,17
BRDA:79,2,0,10
BRDA:79,2,1,4
BRDA:85,3,0,4
BRDA:85,3,1,0
BRDA:91,4,0,4
BRDA:91,4,1,10
BRDA:100,5,0,46
BRDA:100,5,1,184
BRDA:100,6,0,230
BRDA:100,6,1,230
BRDA:108,7,0,4
BRDA:108,7,1,10
BRDA:116,8,0,0
BRDA:116,8,1,10
BRDA:120,9,0,6
BRDA:120,9,1,4
BRDA:124,10,0,8
BRDA:124,10,1,7
BRDA:137,11,0,18
BRDA:137,11,1,8
BRDA:137,11,2,8
BRDA:142,12,0,75
BRDA:142,12,1,51
BRF:27
BRH:25
end_of_record
TN:
SF:js/src/util/template-factory.js
FN:49,(anonymous_0)
FN:55,(anonymous_1)
FN:59,(anonymous_2)
FN:63,(anonymous_3)
FN:68,(anonymous_4)
FN:70,(anonymous_5)
FN:74,(anonymous_6)
FN:78,(anonymous_7)
FN:84,(anonymous_8)
FN:103,(anonymous_9)
FN:108,(anonymous_10)
FN:114,(anonymous_11)
FN:141,(anonymous_12)
FN:145,(anonymous_13)
FN:149,(anonymous_14)
FNF:15
FNH:15
FNDA:75,(anonymous_0)
FNDA:76,(anonymous_1)
FNDA:75,(anonymous_2)
FNDA:1,(anonymous_3)
FNDA:4,(anonymous_4)
FNDA:13,(anonymous_5)
FNDA:2,(anonymous_6)
FNDA:6,(anonymous_7)
FNDA:81,(anonymous_8)
FNDA:75,(anonymous_9)
FNDA:81,(anonymous_10)
FNDA:95,(anonymous_11)
FNDA:87,(anonymous_12)
FNDA:185,(anonymous_13)
FNDA:5,(anonymous_14)
DA:17,3
DA:19,3
DA:29,3
DA:39,3
DA:50,75
DA:51,75
DA:56,76
DA:60,75
DA:64,1
DA:69,4
DA:70,13
DA:75,2
DA:79,6
DA:80,6
DA:81,6
DA:85,81
DA:86,81
DA:88,81
DA:89,95
DA:92,81
DA:93,81
DA:95,81
DA:96,9
DA:99,81
DA:104,75
DA:105,75
DA:109,81
DA:110,97
DA:115,95
DA:117,95
DA:118,4
DA:121,91
DA:123,91
DA:124,7
DA:125,7
DA:128,84
DA:129,5
DA:130,5
DA:133,79
DA:134,6
DA:135,6
DA:138,73
DA:142,87
DA:146,185
DA:150,5
DA:151,3
DA:152,3
DA:153,3
DA:156,2
LF:49
LH:49
BRDA:95,0,0,9
BRDA:95,0,1,72
BRDA:117,1,0,4
BRDA:117,1,1,91
BRDA:123,2,0,7
BRDA:123,2,1,84
BRDA:128,3,0,5
BRDA:128,3,1,79
BRDA:133,4,0,6
BRDA:133,4,1,73
BRDA:142,5,0,82
BRDA:142,5,1,5
BRDA:146,6,0,5
BRDA:146,6,1,180
BRDA:150,7,0,3
BRDA:150,7,1,2
BRF:16
BRH:16
end_of_record
